wandb: Currently logged in as: r-v-doorn1 (royvdoorn). Use `wandb login --relogin` to force relogin
/usr/local/lib/python3.10/dist-packages/torchvision/transforms/v2/_deprecated.py:43: UserWarning: The transform `ToTensor()` is deprecated and will be removed in a future release. Instead, please use `v2.Compose([v2.ToImage(), v2.ToDtype(torch.float32, scale=True)])`.
  warnings.warn(
../aten/src/ATen/native/cuda/NLLLoss2d.cu:103: nll_loss2d_forward_kernel: block: [8,0,0], thread: [96,0,0] Assertion `t >= 0 && t < n_classes` failed.
../aten/src/ATen/native/cuda/NLLLoss2d.cu:103: nll_loss2d_forward_kernel: block: [8,0,0], thread: [97,0,0] Assertion `t >= 0 && t < n_classes` failed.
../aten/src/ATen/native/cuda/NLLLoss2d.cu:103: nll_loss2d_forward_kernel: block: [8,0,0], thread: [608,0,0] Assertion `t >= 0 && t < n_classes` failed.
../aten/src/ATen/native/cuda/NLLLoss2d.cu:103: nll_loss2d_forward_kernel: block: [8,0,0], thread: [609,0,0] Assertion `t >= 0 && t < n_classes` failed.
../aten/src/ATen/native/cuda/NLLLoss2d.cu:103: nll_loss2d_forward_kernel: block: [8,0,0], thread: [610,0,0] Assertion `t >= 0 && t < n_classes` failed.
../aten/src/ATen/native/cuda/NLLLoss2d.cu:103: nll_loss2d_forward_kernel: block: [8,0,0], thread: [352,0,0] Assertion `t >= 0 && t < n_classes` failed.
../aten/src/ATen/native/cuda/NLLLoss2d.cu:103: nll_loss2d_forward_kernel: block: [8,0,0], thread: [353,0,0] Assertion `t >= 0 && t < n_classes` failed.
../aten/src/ATen/native/cuda/NLLLoss2d.cu:103: nll_loss2d_forward_kernel: block: [8,0,0], thread: [354,0,0] Assertion `t >= 0 && t < n_classes` failed.
../aten/src/ATen/native/cuda/NLLLoss2d.cu:103: nll_loss2d_forward_kernel: block: [8,0,0], thread: [864,0,0] Assertion `t >= 0 && t < n_classes` failed.
../aten/src/ATen/native/cuda/NLLLoss2d.cu:103: nll_loss2d_forward_kernel: block: [8,0,0], thread: [865,0,0] Assertion `t >= 0 && t < n_classes` failed.
../aten/src/ATen/native/cuda/NLLLoss2d.cu:103: nll_loss2d_forward_kernel: block: [8,0,0], thread: [866,0,0] Assertion `t >= 0 && t < n_classes` failed.
../aten/src/ATen/native/cuda/NLLLoss2d.cu:103: nll_loss2d_forward_kernel: block: [8,0,0], thread: [871,0,0] Assertion `t >= 0 && t < n_classes` failed.
../aten/src/ATen/native/cuda/NLLLoss2d.cu:103: nll_loss2d_forward_kernel: block: [8,0,0], thread: [863,0,0] Assertion `t >= 0 && t < n_classes` failed.
../aten/src/ATen/native/cuda/NLLLoss2d.cu:103: nll_loss2d_forward_kernel: block: [8,0,0], thread: [607,0,0] Assertion `t >= 0 && t < n_classes` failed.
../aten/src/ATen/native/cuda/NLLLoss2d.cu:103: nll_loss2d_forward_kernel: block: [8,0,0], thread: [351,0,0] Assertion `t >= 0 && t < n_classes` failed.
../aten/src/ATen/native/cuda/NLLLoss2d.cu:103: nll_loss2d_forward_kernel: block: [8,0,0], thread: [95,0,0] Assertion `t >= 0 && t < n_classes` failed.
../aten/src/ATen/native/cuda/NLLLoss2d.cu:103: nll_loss2d_forward_kernel: block: [21,0,0], thread: [1021,0,0] Assertion `t >= 0 && t < n_classes` failed.
../aten/src/ATen/native/cuda/NLLLoss2d.cu:103: nll_loss2d_forward_kernel: block: [21,0,0], thread: [1022,0,0] Assertion `t >= 0 && t < n_classes` failed.
../aten/src/ATen/native/cuda/NLLLoss2d.cu:103: nll_loss2d_forward_kernel: block: [21,0,0], thread: [766,0,0] Assertion `t >= 0 && t < n_classes` failed.
../aten/src/ATen/native/cuda/NLLLoss2d.cu:103: nll_loss2d_forward_kernel: block: [21,0,0], thread: [510,0,0] Assertion `t >= 0 && t < n_classes` failed.
../aten/src/ATen/native/cuda/NLLLoss2d.cu:103: nll_loss2d_forward_kernel: block: [21,0,0], thread: [252,0,0] Assertion `t >= 0 && t < n_classes` failed.
../aten/src/ATen/native/cuda/NLLLoss2d.cu:103: nll_loss2d_forward_kernel: block: [21,0,0], thread: [253,0,0] Assertion `t >= 0 && t < n_classes` failed.
../aten/src/ATen/native/cuda/NLLLoss2d.cu:103: nll_loss2d_forward_kernel: block: [21,0,0], thread: [254,0,0] Assertion `t >= 0 && t < n_classes` failed.
../aten/src/ATen/native/cuda/NLLLoss2d.cu:103: nll_loss2d_forward_kernel: block: [8,0,0], thread: [912,0,0] Assertion `t >= 0 && t < n_classes` failed.
../aten/src/ATen/native/cuda/NLLLoss2d.cu:103: nll_loss2d_forward_kernel: block: [8,0,0], thread: [913,0,0] Assertion `t >= 0 && t < n_classes` failed.
../aten/src/ATen/native/cuda/NLLLoss2d.cu:103: nll_loss2d_forward_kernel: block: [8,0,0], thread: [914,0,0] Assertion `t >= 0 && t < n_classes` failed.
../aten/src/ATen/native/cuda/NLLLoss2d.cu:103: nll_loss2d_forward_kernel: block: [8,0,0], thread: [915,0,0] Assertion `t >= 0 && t < n_classes` failed.
../aten/src/ATen/native/cuda/NLLLoss2d.cu:103: nll_loss2d_forward_kernel: block: [8,0,0], thread: [916,0,0] Assertion `t >= 0 && t < n_classes` failed.
../aten/src/ATen/native/cuda/NLLLoss2d.cu:103: nll_loss2d_forward_kernel: block: [8,0,0], thread: [917,0,0] Assertion `t >= 0 && t < n_classes` failed.
../aten/src/ATen/native/cuda/NLLLoss2d.cu:103: nll_loss2d_forward_kernel: block: [8,0,0], thread: [400,0,0] Assertion `t >= 0 && t < n_classes` failed.
../aten/src/ATen/native/cuda/NLLLoss2d.cu:103: nll_loss2d_forward_kernel: block: [8,0,0], thread: [404,0,0] Assertion `t >= 0 && t < n_classes` failed.
../aten/src/ATen/native/cuda/NLLLoss2d.cu:103: nll_loss2d_forward_kernel: block: [8,0,0], thread: [405,0,0] Assertion `t >= 0 && t < n_classes` failed.
../aten/src/ATen/native/cuda/NLLLoss2d.cu:103: nll_loss2d_forward_kernel: block: [8,0,0], thread: [656,0,0] Assertion `t >= 0 && t < n_classes` failed.
../aten/src/ATen/native/cuda/NLLLoss2d.cu:103: nll_loss2d_forward_kernel: block: [8,0,0], thread: [657,0,0] Assertion `t >= 0 && t < n_classes` failed.
../aten/src/ATen/native/cuda/NLLLoss2d.cu:103: nll_loss2d_forward_kernel: block: [8,0,0], thread: [658,0,0] Assertion `t >= 0 && t < n_classes` failed.
../aten/src/ATen/native/cuda/NLLLoss2d.cu:103: nll_loss2d_forward_kernel: block: [8,0,0], thread: [659,0,0] Assertion `t >= 0 && t < n_classes` failed.
../aten/src/ATen/native/cuda/NLLLoss2d.cu:103: nll_loss2d_forward_kernel: block: [8,0,0], thread: [660,0,0] Assertion `t >= 0 && t < n_classes` failed.
../aten/src/ATen/native/cuda/NLLLoss2d.cu:103: nll_loss2d_forward_kernel: block: [8,0,0], thread: [661,0,0] Assertion `t >= 0 && t < n_classes` failed.
../aten/src/ATen/native/cuda/NLLLoss2d.cu:103: nll_loss2d_forward_kernel: block: [8,0,0], thread: [144,0,0] Assertion `t >= 0 && t < n_classes` failed.
../aten/src/ATen/native/cuda/NLLLoss2d.cu:103: nll_loss2d_forward_kernel: block: [8,0,0], thread: [145,0,0] Assertion `t >= 0 && t < n_classes` failed.
../aten/src/ATen/native/cuda/NLLLoss2d.cu:103: nll_loss2d_forward_kernel: block: [8,0,0], thread: [146,0,0] Assertion `t >= 0 && t < n_classes` failed.
../aten/src/ATen/native/cuda/NLLLoss2d.cu:103: nll_loss2d_forward_kernel: block: [8,0,0], thread: [147,0,0] Assertion `t >= 0 && t < n_classes` failed.
../aten/src/ATen/native/cuda/NLLLoss2d.cu:103: nll_loss2d_forward_kernel: block: [8,0,0], thread: [148,0,0] Assertion `t >= 0 && t < n_classes` failed.
../aten/src/ATen/native/cuda/NLLLoss2d.cu:103: nll_loss2d_forward_kernel: block: [8,0,0], thread: [149,0,0] Assertion `t >= 0 && t < n_classes` failed.
../aten/src/ATen/native/cuda/NLLLoss2d.cu:103: nll_loss2d_forward_kernel: block: [27,0,0], thread: [642,0,0] Assertion `t >= 0 && t < n_classes` failed.
../aten/src/ATen/native/cuda/NLLLoss2d.cu:103: nll_loss2d_forward_kernel: block: [27,0,0], thread: [898,0,0] Assertion `t >= 0 && t < n_classes` failed.
../aten/src/ATen/native/cuda/NLLLoss2d.cu:103: nll_loss2d_forward_kernel: block: [27,0,0], thread: [386,0,0] Assertion `t >= 0 && t < n_classes` failed.
../aten/src/ATen/native/cuda/NLLLoss2d.cu:103: nll_loss2d_forward_kernel: block: [0,0,0], thread: [843,0,0] Assertion `t >= 0 && t < n_classes` failed.
../aten/src/ATen/native/cuda/NLLLoss2d.cu:103: nll_loss2d_forward_kernel: block: [0,0,0], thread: [844,0,0] Assertion `t >= 0 && t < n_classes` failed.
../aten/src/ATen/native/cuda/NLLLoss2d.cu:103: nll_loss2d_forward_kernel: block: [0,0,0], thread: [845,0,0] Assertion `t >= 0 && t < n_classes` failed.
../aten/src/ATen/native/cuda/NLLLoss2d.cu:103: nll_loss2d_forward_kernel: block: [0,0,0], thread: [587,0,0] Assertion `t >= 0 && t < n_classes` failed.
../aten/src/ATen/native/cuda/NLLLoss2d.cu:103: nll_loss2d_forward_kernel: block: [0,0,0], thread: [588,0,0] Assertion `t >= 0 && t < n_classes` failed.
../aten/src/ATen/native/cuda/NLLLoss2d.cu:103: nll_loss2d_forward_kernel: block: [0,0,0], thread: [333,0,0] Assertion `t >= 0 && t < n_classes` failed.
../aten/src/ATen/native/cuda/NLLLoss2d.cu:103: nll_loss2d_forward_kernel: block: [37,0,0], thread: [706,0,0] Assertion `t >= 0 && t < n_classes` failed.
../aten/src/ATen/native/cuda/NLLLoss2d.cu:103: nll_loss2d_forward_kernel: block: [9,0,0], thread: [771,0,0] Assertion `t >= 0 && t < n_classes` failed.
../aten/src/ATen/native/cuda/NLLLoss2d.cu:103: nll_loss2d_forward_kernel: block: [9,0,0], thread: [772,0,0] Assertion `t >= 0 && t < n_classes` failed.
../aten/src/ATen/native/cuda/NLLLoss2d.cu:103: nll_loss2d_forward_kernel: block: [37,0,0], thread: [961,0,0] Assertion `t >= 0 && t < n_classes` failed.
../aten/src/ATen/native/cuda/NLLLoss2d.cu:103: nll_loss2d_forward_kernel: block: [37,0,0], thread: [962,0,0] Assertion `t >= 0 && t < n_classes` failed.
../aten/src/ATen/native/cuda/NLLLoss2d.cu:103: nll_loss2d_forward_kernel: block: [0,0,0], thread: [76,0,0] Assertion `t >= 0 && t < n_classes` failed.
../aten/src/ATen/native/cuda/NLLLoss2d.cu:103: nll_loss2d_forward_kernel: block: [0,0,0], thread: [77,0,0] Assertion `t >= 0 && t < n_classes` failed.
../aten/src/ATen/native/cuda/NLLLoss2d.cu:103: nll_loss2d_forward_kernel: block: [2,0,0], thread: [561,0,0] Assertion `t >= 0 && t < n_classes` failed.
../aten/src/ATen/native/cuda/NLLLoss2d.cu:103: nll_loss2d_forward_kernel: block: [2,0,0], thread: [304,0,0] Assertion `t >= 0 && t < n_classes` failed.
../aten/src/ATen/native/cuda/NLLLoss2d.cu:103: nll_loss2d_forward_kernel: block: [2,0,0], thread: [42,0,0] Assertion `t >= 0 && t < n_classes` failed.
../aten/src/ATen/native/cuda/NLLLoss2d.cu:103: nll_loss2d_forward_kernel: block: [2,0,0], thread: [48,0,0] Assertion `t >= 0 && t < n_classes` failed.
../aten/src/ATen/native/cuda/NLLLoss2d.cu:103: nll_loss2d_forward_kernel: block: [2,0,0], thread: [587,0,0] Assertion `t >= 0 && t < n_classes` failed.
../aten/src/ATen/native/cuda/NLLLoss2d.cu:103: nll_loss2d_forward_kernel: block: [2,0,0], thread: [588,0,0] Assertion `t >= 0 && t < n_classes` failed.
../aten/src/ATen/native/cuda/NLLLoss2d.cu:103: nll_loss2d_forward_kernel: block: [2,0,0], thread: [589,0,0] Assertion `t >= 0 && t < n_classes` failed.
../aten/src/ATen/native/cuda/NLLLoss2d.cu:103: nll_loss2d_forward_kernel: block: [2,0,0], thread: [590,0,0] Assertion `t >= 0 && t < n_classes` failed.
../aten/src/ATen/native/cuda/NLLLoss2d.cu:103: nll_loss2d_forward_kernel: block: [2,0,0], thread: [817,0,0] Assertion `t >= 0 && t < n_classes` failed.
../aten/src/ATen/native/cuda/NLLLoss2d.cu:103: nll_loss2d_forward_kernel: block: [2,0,0], thread: [818,0,0] Assertion `t >= 0 && t < n_classes` failed.
../aten/src/ATen/native/cuda/NLLLoss2d.cu:103: nll_loss2d_forward_kernel: block: [9,0,0], thread: [3,0,0] Assertion `t >= 0 && t < n_classes` failed.
../aten/src/ATen/native/cuda/NLLLoss2d.cu:103: nll_loss2d_forward_kernel: block: [9,0,0], thread: [4,0,0] Assertion `t >= 0 && t < n_classes` failed.
../aten/src/ATen/native/cuda/NLLLoss2d.cu:103: nll_loss2d_forward_kernel: block: [9,0,0], thread: [7,0,0] Assertion `t >= 0 && t < n_classes` failed.
../aten/src/ATen/native/cuda/NLLLoss2d.cu:103: nll_loss2d_forward_kernel: block: [9,0,0], thread: [8,0,0] Assertion `t >= 0 && t < n_classes` failed.
../aten/src/ATen/native/cuda/NLLLoss2d.cu:103: nll_loss2d_forward_kernel: block: [37,0,0], thread: [160,0,0] Assertion `t >= 0 && t < n_classes` failed.
../aten/src/ATen/native/cuda/NLLLoss2d.cu:103: nll_loss2d_forward_kernel: block: [37,0,0], thread: [161,0,0] Assertion `t >= 0 && t < n_classes` failed.
../aten/src/ATen/native/cuda/NLLLoss2d.cu:103: nll_loss2d_forward_kernel: block: [43,0,0], thread: [251,0,0] Assertion `t >= 0 && t < n_classes` failed.
../aten/src/ATen/native/cuda/NLLLoss2d.cu:103: nll_loss2d_forward_kernel: block: [2,0,0], thread: [333,0,0] Assertion `t >= 0 && t < n_classes` failed.
../aten/src/ATen/native/cuda/NLLLoss2d.cu:103: nll_loss2d_forward_kernel: block: [2,0,0], thread: [334,0,0] Assertion `t >= 0 && t < n_classes` failed.
../aten/src/ATen/native/cuda/NLLLoss2d.cu:103: nll_loss2d_forward_kernel: block: [2,0,0], thread: [339,0,0] Assertion `t >= 0 && t < n_classes` failed.
../aten/src/ATen/native/cuda/NLLLoss2d.cu:103: nll_loss2d_forward_kernel: block: [48,0,0], thread: [545,0,0] Assertion `t >= 0 && t < n_classes` failed.
../aten/src/ATen/native/cuda/NLLLoss2d.cu:103: nll_loss2d_forward_kernel: block: [48,0,0], thread: [800,0,0] Assertion `t >= 0 && t < n_classes` failed.
../aten/src/ATen/native/cuda/NLLLoss2d.cu:103: nll_loss2d_forward_kernel: block: [48,0,0], thread: [801,0,0] Assertion `t >= 0 && t < n_classes` failed.
../aten/src/ATen/native/cuda/NLLLoss2d.cu:103: nll_loss2d_forward_kernel: block: [36,0,0], thread: [969,0,0] Assertion `t >= 0 && t < n_classes` failed.
../aten/src/ATen/native/cuda/NLLLoss2d.cu:103: nll_loss2d_forward_kernel: block: [36,0,0], thread: [973,0,0] Assertion `t >= 0 && t < n_classes` failed.
../aten/src/ATen/native/cuda/NLLLoss2d.cu:103: nll_loss2d_forward_kernel: block: [36,0,0], thread: [974,0,0] Assertion `t >= 0 && t < n_classes` failed.
../aten/src/ATen/native/cuda/NLLLoss2d.cu:103: nll_loss2d_forward_kernel: block: [48,0,0], thread: [289,0,0] Assertion `t >= 0 && t < n_classes` failed.
../aten/src/ATen/native/cuda/NLLLoss2d.cu:103: nll_loss2d_forward_kernel: block: [0,0,0], thread: [949,0,0] Assertion `t >= 0 && t < n_classes` failed.
../aten/src/ATen/native/cuda/NLLLoss2d.cu:103: nll_loss2d_forward_kernel: block: [0,0,0], thread: [950,0,0] Assertion `t >= 0 && t < n_classes` failed.
../aten/src/ATen/native/cuda/NLLLoss2d.cu:103: nll_loss2d_forward_kernel: block: [0,0,0], thread: [951,0,0] Assertion `t >= 0 && t < n_classes` failed.
../aten/src/ATen/native/cuda/NLLLoss2d.cu:103: nll_loss2d_forward_kernel: block: [0,0,0], thread: [952,0,0] Assertion `t >= 0 && t < n_classes` failed.
../aten/src/ATen/native/cuda/NLLLoss2d.cu:103: nll_loss2d_forward_kernel: block: [9,0,0], thread: [259,0,0] Assertion `t >= 0 && t < n_classes` failed.
../aten/src/ATen/native/cuda/NLLLoss2d.cu:103: nll_loss2d_forward_kernel: block: [9,0,0], thread: [260,0,0] Assertion `t >= 0 && t < n_classes` failed.
../aten/src/ATen/native/cuda/NLLLoss2d.cu:103: nll_loss2d_forward_kernel: block: [9,0,0], thread: [263,0,0] Assertion `t >= 0 && t < n_classes` failed.
../aten/src/ATen/native/cuda/NLLLoss2d.cu:103: nll_loss2d_forward_kernel: block: [48,0,0], thread: [33,0,0] Assertion `t >= 0 && t < n_classes` failed.
../aten/src/ATen/native/cuda/NLLLoss2d.cu:103: nll_loss2d_forward_kernel: block: [0,0,0], thread: [139,0,0] Assertion `t >= 0 && t < n_classes` failed.
../aten/src/ATen/native/cuda/NLLLoss2d.cu:103: nll_loss2d_forward_kernel: block: [0,0,0], thread: [738,0,0] Assertion `t >= 0 && t < n_classes` failed.
../aten/src/ATen/native/cuda/NLLLoss2d.cu:103: nll_loss2d_forward_kernel: block: [0,0,0], thread: [739,0,0] Assertion `t >= 0 && t < n_classes` failed.
../aten/src/ATen/native/cuda/NLLLoss2d.cu:103: nll_loss2d_forward_kernel: block: [0,0,0], thread: [740,0,0] Assertion `t >= 0 && t < n_classes` failed.
../aten/src/ATen/native/cuda/NLLLoss2d.cu:103: nll_loss2d_forward_kernel: block: [37,0,0], thread: [672,0,0] Assertion `t >= 0 && t < n_classes` failed.
../aten/src/ATen/native/cuda/NLLLoss2d.cu:103: nll_loss2d_forward_kernel: block: [37,0,0], thread: [673,0,0] Assertion `t >= 0 && t < n_classes` failed.
../aten/src/ATen/native/cuda/NLLLoss2d.cu:103: nll_loss2d_forward_kernel: block: [37,0,0], thread: [674,0,0] Assertion `t >= 0 && t < n_classes` failed.
../aten/src/ATen/native/cuda/NLLLoss2d.cu:103: nll_loss2d_forward_kernel: block: [37,0,0], thread: [682,0,0] Assertion `t >= 0 && t < n_classes` failed.
../aten/src/ATen/native/cuda/NLLLoss2d.cu:103: nll_loss2d_forward_kernel: block: [37,0,0], thread: [683,0,0] Assertion `t >= 0 && t < n_classes` failed.
../aten/src/ATen/native/cuda/NLLLoss2d.cu:103: nll_loss2d_forward_kernel: block: [2,0,0], thread: [839,0,0] Assertion `t >= 0 && t < n_classes` failed.
../aten/src/ATen/native/cuda/NLLLoss2d.cu:103: nll_loss2d_forward_kernel: block: [2,0,0], thread: [840,0,0] Assertion `t >= 0 && t < n_classes` failed.
../aten/src/ATen/native/cuda/NLLLoss2d.cu:103: nll_loss2d_forward_kernel: block: [2,0,0], thread: [841,0,0] Assertion `t >= 0 && t < n_classes` failed.
../aten/src/ATen/native/cuda/NLLLoss2d.cu:103: nll_loss2d_forward_kernel: block: [2,0,0], thread: [842,0,0] Assertion `t >= 0 && t < n_classes` failed.
../aten/src/ATen/native/cuda/NLLLoss2d.cu:103: nll_loss2d_forward_kernel: block: [2,0,0], thread: [843,0,0] Assertion `t >= 0 && t < n_classes` failed.
../aten/src/ATen/native/cuda/NLLLoss2d.cu:103: nll_loss2d_forward_kernel: block: [2,0,0], thread: [844,0,0] Assertion `t >= 0 && t < n_classes` failed.
../aten/src/ATen/native/cuda/NLLLoss2d.cu:103: nll_loss2d_forward_kernel: block: [2,0,0], thread: [845,0,0] Assertion `t >= 0 && t < n_classes` failed.
../aten/src/ATen/native/cuda/NLLLoss2d.cu:103: nll_loss2d_forward_kernel: block: [2,0,0], thread: [846,0,0] Assertion `t >= 0 && t < n_classes` failed.
../aten/src/ATen/native/cuda/NLLLoss2d.cu:103: nll_loss2d_forward_kernel: block: [2,0,0], thread: [847,0,0] Assertion `t >= 0 && t < n_classes` failed.
../aten/src/ATen/native/cuda/NLLLoss2d.cu:103: nll_loss2d_forward_kernel: block: [2,0,0], thread: [848,0,0] Assertion `t >= 0 && t < n_classes` failed.
../aten/src/ATen/native/cuda/NLLLoss2d.cu:103: nll_loss2d_forward_kernel: block: [2,0,0], thread: [849,0,0] Assertion `t >= 0 && t < n_classes` failed.
../aten/src/ATen/native/cuda/NLLLoss2d.cu:103: nll_loss2d_forward_kernel: block: [2,0,0], thread: [542,0,0] Assertion `t >= 0 && t < n_classes` failed.
../aten/src/ATen/native/cuda/NLLLoss2d.cu:103: nll_loss2d_forward_kernel: block: [43,0,0], thread: [1014,0,0] Assertion `t >= 0 && t < n_classes` failed.
../aten/src/ATen/native/cuda/NLLLoss2d.cu:103: nll_loss2d_forward_kernel: block: [43,0,0], thread: [1015,0,0] Assertion `t >= 0 && t < n_classes` failed.
../aten/src/ATen/native/cuda/NLLLoss2d.cu:103: nll_loss2d_forward_kernel: block: [43,0,0], thread: [1016,0,0] Assertion `t >= 0 && t < n_classes` failed.
../aten/src/ATen/native/cuda/NLLLoss2d.cu:103: nll_loss2d_forward_kernel: block: [43,0,0], thread: [1017,0,0] Assertion `t >= 0 && t < n_classes` failed.
../aten/src/ATen/native/cuda/NLLLoss2d.cu:103: nll_loss2d_forward_kernel: block: [43,0,0], thread: [1018,0,0] Assertion `t >= 0 && t < n_classes` failed.
../aten/src/ATen/native/cuda/NLLLoss2d.cu:103: nll_loss2d_forward_kernel: block: [43,0,0], thread: [1019,0,0] Assertion `t >= 0 && t < n_classes` failed.
../aten/src/ATen/native/cuda/NLLLoss2d.cu:103: nll_loss2d_forward_kernel: block: [43,0,0], thread: [1020,0,0] Assertion `t >= 0 && t < n_classes` failed.
../aten/src/ATen/native/cuda/NLLLoss2d.cu:103: nll_loss2d_forward_kernel: block: [43,0,0], thread: [1021,0,0] Assertion `t >= 0 && t < n_classes` failed.
../aten/src/ATen/native/cuda/NLLLoss2d.cu:103: nll_loss2d_forward_kernel: block: [2,0,0], thread: [286,0,0] Assertion `t >= 0 && t < n_classes` failed.
../aten/src/ATen/native/cuda/NLLLoss2d.cu:103: nll_loss2d_forward_kernel: block: [2,0,0], thread: [72,0,0] Assertion `t >= 0 && t < n_classes` failed.
../aten/src/ATen/native/cuda/NLLLoss2d.cu:103: nll_loss2d_forward_kernel: block: [2,0,0], thread: [73,0,0] Assertion `t >= 0 && t < n_classes` failed.
../aten/src/ATen/native/cuda/NLLLoss2d.cu:103: nll_loss2d_forward_kernel: block: [2,0,0], thread: [74,0,0] Assertion `t >= 0 && t < n_classes` failed.
../aten/src/ATen/native/cuda/NLLLoss2d.cu:103: nll_loss2d_forward_kernel: block: [2,0,0], thread: [75,0,0] Assertion `t >= 0 && t < n_classes` failed.
../aten/src/ATen/native/cuda/NLLLoss2d.cu:103: nll_loss2d_forward_kernel: block: [2,0,0], thread: [76,0,0] Assertion `t >= 0 && t < n_classes` failed.
../aten/src/ATen/native/cuda/NLLLoss2d.cu:103: nll_loss2d_forward_kernel: block: [2,0,0], thread: [77,0,0] Assertion `t >= 0 && t < n_classes` failed.
../aten/src/ATen/native/cuda/NLLLoss2d.cu:103: nll_loss2d_forward_kernel: block: [2,0,0], thread: [78,0,0] Assertion `t >= 0 && t < n_classes` failed.
../aten/src/ATen/native/cuda/NLLLoss2d.cu:103: nll_loss2d_forward_kernel: block: [2,0,0], thread: [79,0,0] Assertion `t >= 0 && t < n_classes` failed.
../aten/src/ATen/native/cuda/NLLLoss2d.cu:103: nll_loss2d_forward_kernel: block: [2,0,0], thread: [80,0,0] Assertion `t >= 0 && t < n_classes` failed.
../aten/src/ATen/native/cuda/NLLLoss2d.cu:103: nll_loss2d_forward_kernel: block: [2,0,0], thread: [81,0,0] Assertion `t >= 0 && t < n_classes` failed.
../aten/src/ATen/native/cuda/NLLLoss2d.cu:103: nll_loss2d_forward_kernel: block: [2,0,0], thread: [798,0,0] Assertion `t >= 0 && t < n_classes` failed.
../aten/src/ATen/native/cuda/NLLLoss2d.cu:103: nll_loss2d_forward_kernel: block: [2,0,0], thread: [799,0,0] Assertion `t >= 0 && t < n_classes` failed.
../aten/src/ATen/native/cuda/NLLLoss2d.cu:103: nll_loss2d_forward_kernel: block: [36,0,0], thread: [201,0,0] Assertion `t >= 0 && t < n_classes` failed.
../aten/src/ATen/native/cuda/NLLLoss2d.cu:103: nll_loss2d_forward_kernel: block: [36,0,0], thread: [205,0,0] Assertion `t >= 0 && t < n_classes` failed.
../aten/src/ATen/native/cuda/NLLLoss2d.cu:103: nll_loss2d_forward_kernel: block: [27,0,0], thread: [965,0,0] Assertion `t >= 0 && t < n_classes` failed.
../aten/src/ATen/native/cuda/NLLLoss2d.cu:103: nll_loss2d_forward_kernel: block: [27,0,0], thread: [966,0,0] Assertion `t >= 0 && t < n_classes` failed.
../aten/src/ATen/native/cuda/NLLLoss2d.cu:103: nll_loss2d_forward_kernel: block: [27,0,0], thread: [967,0,0] Assertion `t >= 0 && t < n_classes` failed.
../aten/src/ATen/native/cuda/NLLLoss2d.cu:103: nll_loss2d_forward_kernel: block: [27,0,0], thread: [968,0,0] Assertion `t >= 0 && t < n_classes` failed.
../aten/src/ATen/native/cuda/NLLLoss2d.cu:103: nll_loss2d_forward_kernel: block: [27,0,0], thread: [973,0,0] Assertion `t >= 0 && t < n_classes` failed.
../aten/src/ATen/native/cuda/NLLLoss2d.cu:103: nll_loss2d_forward_kernel: block: [27,0,0], thread: [974,0,0] Assertion `t >= 0 && t < n_classes` failed.
../aten/src/ATen/native/cuda/NLLLoss2d.cu:103: nll_loss2d_forward_kernel: block: [27,0,0], thread: [197,0,0] Assertion `t >= 0 && t < n_classes` failed.
../aten/src/ATen/native/cuda/NLLLoss2d.cu:103: nll_loss2d_forward_kernel: block: [27,0,0], thread: [198,0,0] Assertion `t >= 0 && t < n_classes` failed.
../aten/src/ATen/native/cuda/NLLLoss2d.cu:103: nll_loss2d_forward_kernel: block: [27,0,0], thread: [199,0,0] Assertion `t >= 0 && t < n_classes` failed.
../aten/src/ATen/native/cuda/NLLLoss2d.cu:103: nll_loss2d_forward_kernel: block: [27,0,0], thread: [200,0,0] Assertion `t >= 0 && t < n_classes` failed.
../aten/src/ATen/native/cuda/NLLLoss2d.cu:103: nll_loss2d_forward_kernel: block: [27,0,0], thread: [205,0,0] Assertion `t >= 0 && t < n_classes` failed.
../aten/src/ATen/native/cuda/NLLLoss2d.cu:103: nll_loss2d_forward_kernel: block: [27,0,0], thread: [206,0,0] Assertion `t >= 0 && t < n_classes` failed.
../aten/src/ATen/native/cuda/NLLLoss2d.cu:103: nll_loss2d_forward_kernel: block: [27,0,0], thread: [687,0,0] Assertion `t >= 0 && t < n_classes` failed.
../aten/src/ATen/native/cuda/NLLLoss2d.cu:103: nll_loss2d_forward_kernel: block: [27,0,0], thread: [688,0,0] Assertion `t >= 0 && t < n_classes` failed.
../aten/src/ATen/native/cuda/NLLLoss2d.cu:103: nll_loss2d_forward_kernel: block: [27,0,0], thread: [697,0,0] Assertion `t >= 0 && t < n_classes` failed.
../aten/src/ATen/native/cuda/NLLLoss2d.cu:103: nll_loss2d_forward_kernel: block: [27,0,0], thread: [698,0,0] Assertion `t >= 0 && t < n_classes` failed.
../aten/src/ATen/native/cuda/NLLLoss2d.cu:103: nll_loss2d_forward_kernel: block: [27,0,0], thread: [699,0,0] Assertion `t >= 0 && t < n_classes` failed.
../aten/src/ATen/native/cuda/NLLLoss2d.cu:103: nll_loss2d_forward_kernel: block: [27,0,0], thread: [943,0,0] Assertion `t >= 0 && t < n_classes` failed.
../aten/src/ATen/native/cuda/NLLLoss2d.cu:103: nll_loss2d_forward_kernel: block: [27,0,0], thread: [944,0,0] Assertion `t >= 0 && t < n_classes` failed.
../aten/src/ATen/native/cuda/NLLLoss2d.cu:103: nll_loss2d_forward_kernel: block: [27,0,0], thread: [953,0,0] Assertion `t >= 0 && t < n_classes` failed.
../aten/src/ATen/native/cuda/NLLLoss2d.cu:103: nll_loss2d_forward_kernel: block: [27,0,0], thread: [954,0,0] Assertion `t >= 0 && t < n_classes` failed.
../aten/src/ATen/native/cuda/NLLLoss2d.cu:103: nll_loss2d_forward_kernel: block: [27,0,0], thread: [955,0,0] Assertion `t >= 0 && t < n_classes` failed.
../aten/src/ATen/native/cuda/NLLLoss2d.cu:103: nll_loss2d_forward_kernel: block: [27,0,0], thread: [186,0,0] Assertion `t >= 0 && t < n_classes` failed.
../aten/src/ATen/native/cuda/NLLLoss2d.cu:103: nll_loss2d_forward_kernel: block: [36,0,0], thread: [955,0,0] Assertion `t >= 0 && t < n_classes` failed.
../aten/src/ATen/native/cuda/NLLLoss2d.cu:103: nll_loss2d_forward_kernel: block: [36,0,0], thread: [956,0,0] Assertion `t >= 0 && t < n_classes` failed.
../aten/src/ATen/native/cuda/NLLLoss2d.cu:103: nll_loss2d_forward_kernel: block: [43,0,0], thread: [502,0,0] Assertion `t >= 0 && t < n_classes` failed.
../aten/src/ATen/native/cuda/NLLLoss2d.cu:103: nll_loss2d_forward_kernel: block: [43,0,0], thread: [503,0,0] Assertion `t >= 0 && t < n_classes` failed.
../aten/src/ATen/native/cuda/NLLLoss2d.cu:103: nll_loss2d_forward_kernel: block: [43,0,0], thread: [507,0,0] Assertion `t >= 0 && t < n_classes` failed.
../aten/src/ATen/native/cuda/NLLLoss2d.cu:103: nll_loss2d_forward_kernel: block: [43,0,0], thread: [508,0,0] Assertion `t >= 0 && t < n_classes` failed.
../aten/src/ATen/native/cuda/NLLLoss2d.cu:103: nll_loss2d_forward_kernel: block: [36,0,0], thread: [1013,0,0] Assertion `t >= 0 && t < n_classes` failed.
../aten/src/ATen/native/cuda/NLLLoss2d.cu:103: nll_loss2d_forward_kernel: block: [43,0,0], thread: [758,0,0] Assertion `t >= 0 && t < n_classes` failed.
../aten/src/ATen/native/cuda/NLLLoss2d.cu:103: nll_loss2d_forward_kernel: block: [43,0,0], thread: [759,0,0] Assertion `t >= 0 && t < n_classes` failed.
../aten/src/ATen/native/cuda/NLLLoss2d.cu:103: nll_loss2d_forward_kernel: block: [43,0,0], thread: [760,0,0] Assertion `t >= 0 && t < n_classes` failed.
../aten/src/ATen/native/cuda/NLLLoss2d.cu:103: nll_loss2d_forward_kernel: block: [43,0,0], thread: [761,0,0] Assertion `t >= 0 && t < n_classes` failed.
../aten/src/ATen/native/cuda/NLLLoss2d.cu:103: nll_loss2d_forward_kernel: block: [43,0,0], thread: [762,0,0] Assertion `t >= 0 && t < n_classes` failed.
../aten/src/ATen/native/cuda/NLLLoss2d.cu:103: nll_loss2d_forward_kernel: block: [43,0,0], thread: [763,0,0] Assertion `t >= 0 && t < n_classes` failed.
../aten/src/ATen/native/cuda/NLLLoss2d.cu:103: nll_loss2d_forward_kernel: block: [43,0,0], thread: [764,0,0] Assertion `t >= 0 && t < n_classes` failed.
../aten/src/ATen/native/cuda/NLLLoss2d.cu:103: nll_loss2d_forward_kernel: block: [27,0,0], thread: [432,0,0] Assertion `t >= 0 && t < n_classes` failed.
../aten/src/ATen/native/cuda/NLLLoss2d.cu:103: nll_loss2d_forward_kernel: block: [27,0,0], thread: [441,0,0] Assertion `t >= 0 && t < n_classes` failed.
../aten/src/ATen/native/cuda/NLLLoss2d.cu:103: nll_loss2d_forward_kernel: block: [27,0,0], thread: [442,0,0] Assertion `t >= 0 && t < n_classes` failed.
../aten/src/ATen/native/cuda/NLLLoss2d.cu:103: nll_loss2d_forward_kernel: block: [27,0,0], thread: [443,0,0] Assertion `t >= 0 && t < n_classes` failed.
../aten/src/ATen/native/cuda/NLLLoss2d.cu:103: nll_loss2d_forward_kernel: block: [0,0,0], thread: [691,0,0] Assertion `t >= 0 && t < n_classes` failed.
../aten/src/ATen/native/cuda/NLLLoss2d.cu:103: nll_loss2d_forward_kernel: block: [0,0,0], thread: [692,0,0] Assertion `t >= 0 && t < n_classes` failed.
../aten/src/ATen/native/cuda/NLLLoss2d.cu:103: nll_loss2d_forward_kernel: block: [0,0,0], thread: [693,0,0] Assertion `t >= 0 && t < n_classes` failed.
../aten/src/ATen/native/cuda/NLLLoss2d.cu:103: nll_loss2d_forward_kernel: block: [0,0,0], thread: [694,0,0] Assertion `t >= 0 && t < n_classes` failed.
../aten/src/ATen/native/cuda/NLLLoss2d.cu:103: nll_loss2d_forward_kernel: block: [0,0,0], thread: [695,0,0] Assertion `t >= 0 && t < n_classes` failed.
../aten/src/ATen/native/cuda/NLLLoss2d.cu:103: nll_loss2d_forward_kernel: block: [0,0,0], thread: [696,0,0] Assertion `t >= 0 && t < n_classes` failed.
../aten/src/ATen/native/cuda/NLLLoss2d.cu:103: nll_loss2d_forward_kernel: block: [0,0,0], thread: [697,0,0] Assertion `t >= 0 && t < n_classes` failed.
../aten/src/ATen/native/cuda/NLLLoss2d.cu:103: nll_loss2d_forward_kernel: block: [0,0,0], thread: [182,0,0] Assertion `t >= 0 && t < n_classes` failed.
../aten/src/ATen/native/cuda/NLLLoss2d.cu:103: nll_loss2d_forward_kernel: block: [36,0,0], thread: [758,0,0] Assertion `t >= 0 && t < n_classes` failed.
../aten/src/ATen/native/cuda/NLLLoss2d.cu:103: nll_loss2d_forward_kernel: block: [36,0,0], thread: [723,0,0] Assertion `t >= 0 && t < n_classes` failed.
../aten/src/ATen/native/cuda/NLLLoss2d.cu:103: nll_loss2d_forward_kernel: block: [36,0,0], thread: [724,0,0] Assertion `t >= 0 && t < n_classes` failed.
../aten/src/ATen/native/cuda/NLLLoss2d.cu:103: nll_loss2d_forward_kernel: block: [36,0,0], thread: [725,0,0] Assertion `t >= 0 && t < n_classes` failed.
../aten/src/ATen/native/cuda/NLLLoss2d.cu:103: nll_loss2d_forward_kernel: block: [36,0,0], thread: [501,0,0] Assertion `t >= 0 && t < n_classes` failed.
../aten/src/ATen/native/cuda/NLLLoss2d.cu:103: nll_loss2d_forward_kernel: block: [36,0,0], thread: [502,0,0] Assertion `t >= 0 && t < n_classes` failed.
../aten/src/ATen/native/cuda/NLLLoss2d.cu:103: nll_loss2d_forward_kernel: block: [2,0,0], thread: [30,0,0] Assertion `t >= 0 && t < n_classes` failed.
../aten/src/ATen/native/cuda/NLLLoss2d.cu:103: nll_loss2d_forward_kernel: block: [2,0,0], thread: [31,0,0] Assertion `t >= 0 && t < n_classes` failed.
../aten/src/ATen/native/cuda/NLLLoss2d.cu:103: nll_loss2d_forward_kernel: block: [37,0,0], thread: [909,0,0] Assertion `t >= 0 && t < n_classes` failed.
../aten/src/ATen/native/cuda/NLLLoss2d.cu:103: nll_loss2d_forward_kernel: block: [37,0,0], thread: [910,0,0] Assertion `t >= 0 && t < n_classes` failed.
../aten/src/ATen/native/cuda/NLLLoss2d.cu:103: nll_loss2d_forward_kernel: block: [37,0,0], thread: [911,0,0] Assertion `t >= 0 && t < n_classes` failed.
../aten/src/ATen/native/cuda/NLLLoss2d.cu:103: nll_loss2d_forward_kernel: block: [37,0,0], thread: [912,0,0] Assertion `t >= 0 && t < n_classes` failed.
../aten/src/ATen/native/cuda/NLLLoss2d.cu:103: nll_loss2d_forward_kernel: block: [37,0,0], thread: [927,0,0] Assertion `t >= 0 && t < n_classes` failed.
../aten/src/ATen/native/cuda/NLLLoss2d.cu:103: nll_loss2d_forward_kernel: block: [20,0,0], thread: [810,0,0] Assertion `t >= 0 && t < n_classes` failed.
../aten/src/ATen/native/cuda/NLLLoss2d.cu:103: nll_loss2d_forward_kernel: block: [0,0,0], thread: [986,0,0] Assertion `t >= 0 && t < n_classes` failed.
../aten/src/ATen/native/cuda/NLLLoss2d.cu:103: nll_loss2d_forward_kernel: block: [43,0,0], thread: [223,0,0] Assertion `t >= 0 && t < n_classes` failed.
../aten/src/ATen/native/cuda/NLLLoss2d.cu:103: nll_loss2d_forward_kernel: block: [0,0,0], thread: [224,0,0] Assertion `t >= 0 && t < n_classes` failed.
../aten/src/ATen/native/cuda/NLLLoss2d.cu:103: nll_loss2d_forward_kernel: block: [0,0,0], thread: [225,0,0] Assertion `t >= 0 && t < n_classes` failed.
../aten/src/ATen/native/cuda/NLLLoss2d.cu:103: nll_loss2d_forward_kernel: block: [0,0,0], thread: [226,0,0] Assertion `t >= 0 && t < n_classes` failed.
../aten/src/ATen/native/cuda/NLLLoss2d.cu:103: nll_loss2d_forward_kernel: block: [0,0,0], thread: [227,0,0] Assertion `t >= 0 && t < n_classes` failed.
../aten/src/ATen/native/cuda/NLLLoss2d.cu:103: nll_loss2d_forward_kernel: block: [0,0,0], thread: [230,0,0] Assertion `t >= 0 && t < n_classes` failed.
../aten/src/ATen/native/cuda/NLLLoss2d.cu:103: nll_loss2d_forward_kernel: block: [0,0,0], thread: [231,0,0] Assertion `t >= 0 && t < n_classes` failed.
../aten/src/ATen/native/cuda/NLLLoss2d.cu:103: nll_loss2d_forward_kernel: block: [0,0,0], thread: [232,0,0] Assertion `t >= 0 && t < n_classes` failed.
../aten/src/ATen/native/cuda/NLLLoss2d.cu:103: nll_loss2d_forward_kernel: block: [0,0,0], thread: [233,0,0] Assertion `t >= 0 && t < n_classes` failed.
../aten/src/ATen/native/cuda/NLLLoss2d.cu:103: nll_loss2d_forward_kernel: block: [0,0,0], thread: [234,0,0] Assertion `t >= 0 && t < n_classes` failed.
../aten/src/ATen/native/cuda/NLLLoss2d.cu:103: nll_loss2d_forward_kernel: block: [0,0,0], thread: [235,0,0] Assertion `t >= 0 && t < n_classes` failed.
../aten/src/ATen/native/cuda/NLLLoss2d.cu:103: nll_loss2d_forward_kernel: block: [25,0,0], thread: [992,0,0] Assertion `t >= 0 && t < n_classes` failed.
../aten/src/ATen/native/cuda/NLLLoss2d.cu:103: nll_loss2d_forward_kernel: block: [25,0,0], thread: [993,0,0] Assertion `t >= 0 && t < n_classes` failed.
../aten/src/ATen/native/cuda/NLLLoss2d.cu:103: nll_loss2d_forward_kernel: block: [0,0,0], thread: [217,0,0] Assertion `t >= 0 && t < n_classes` failed.
../aten/src/ATen/native/cuda/NLLLoss2d.cu:103: nll_loss2d_forward_kernel: block: [0,0,0], thread: [218,0,0] Assertion `t >= 0 && t < n_classes` failed.
../aten/src/ATen/native/cuda/NLLLoss2d.cu:103: nll_loss2d_forward_kernel: block: [43,0,0], thread: [478,0,0] Assertion `t >= 0 && t < n_classes` failed.
../aten/src/ATen/native/cuda/NLLLoss2d.cu:103: nll_loss2d_forward_kernel: block: [43,0,0], thread: [479,0,0] Assertion `t >= 0 && t < n_classes` failed.
../aten/src/ATen/native/cuda/NLLLoss2d.cu:103: nll_loss2d_forward_kernel: block: [25,0,0], thread: [736,0,0] Assertion `t >= 0 && t < n_classes` failed.
../aten/src/ATen/native/cuda/NLLLoss2d.cu:103: nll_loss2d_forward_kernel: block: [25,0,0], thread: [737,0,0] Assertion `t >= 0 && t < n_classes` failed.
../aten/src/ATen/native/cuda/NLLLoss2d.cu:103: nll_loss2d_forward_kernel: block: [20,0,0], thread: [849,0,0] Assertion `t >= 0 && t < n_classes` failed.
../aten/src/ATen/native/cuda/NLLLoss2d.cu:103: nll_loss2d_forward_kernel: block: [36,0,0], thread: [691,0,0] Assertion `t >= 0 && t < n_classes` failed.
../aten/src/ATen/native/cuda/NLLLoss2d.cu:103: nll_loss2d_forward_kernel: block: [36,0,0], thread: [692,0,0] Assertion `t >= 0 && t < n_classes` failed.
../aten/src/ATen/native/cuda/NLLLoss2d.cu:103: nll_loss2d_forward_kernel: block: [20,0,0], thread: [42,0,0] Assertion `t >= 0 && t < n_classes` failed.
../aten/src/ATen/native/cuda/NLLLoss2d.cu:103: nll_loss2d_forward_kernel: block: [36,0,0], thread: [245,0,0] Assertion `t >= 0 && t < n_classes` failed.
../aten/src/ATen/native/cuda/NLLLoss2d.cu:103: nll_loss2d_forward_kernel: block: [36,0,0], thread: [251,0,0] Assertion `t >= 0 && t < n_classes` failed.
../aten/src/ATen/native/cuda/NLLLoss2d.cu:103: nll_loss2d_forward_kernel: block: [48,0,0], thread: [12,0,0] Assertion `t >= 0 && t < n_classes` failed.
../aten/src/ATen/native/cuda/NLLLoss2d.cu:103: nll_loss2d_forward_kernel: block: [48,0,0], thread: [13,0,0] Assertion `t >= 0 && t < n_classes` failed.
../aten/src/ATen/native/cuda/NLLLoss2d.cu:103: nll_loss2d_forward_kernel: block: [48,0,0], thread: [21,0,0] Assertion `t >= 0 && t < n_classes` failed.
../aten/src/ATen/native/cuda/NLLLoss2d.cu:103: nll_loss2d_forward_kernel: block: [48,0,0], thread: [22,0,0] Assertion `t >= 0 && t < n_classes` failed.
../aten/src/ATen/native/cuda/NLLLoss2d.cu:103: nll_loss2d_forward_kernel: block: [36,0,0], thread: [436,0,0] Assertion `t >= 0 && t < n_classes` failed.
../aten/src/ATen/native/cuda/NLLLoss2d.cu:103: nll_loss2d_forward_kernel: block: [36,0,0], thread: [437,0,0] Assertion `t >= 0 && t < n_classes` failed.
../aten/src/ATen/native/cuda/NLLLoss2d.cu:103: nll_loss2d_forward_kernel: block: [36,0,0], thread: [438,0,0] Assertion `t >= 0 && t < n_classes` failed.
../aten/src/ATen/native/cuda/NLLLoss2d.cu:103: nll_loss2d_forward_kernel: block: [25,0,0], thread: [224,0,0] Assertion `t >= 0 && t < n_classes` failed.
../aten/src/ATen/native/cuda/NLLLoss2d.cu:103: nll_loss2d_forward_kernel: block: [25,0,0], thread: [225,0,0] Assertion `t >= 0 && t < n_classes` failed.
../aten/src/ATen/native/cuda/NLLLoss2d.cu:103: nll_loss2d_forward_kernel: block: [48,0,0], thread: [268,0,0] Assertion `t >= 0 && t < n_classes` failed.
../aten/src/ATen/native/cuda/NLLLoss2d.cu:103: nll_loss2d_forward_kernel: block: [48,0,0], thread: [269,0,0] Assertion `t >= 0 && t < n_classes` failed.
../aten/src/ATen/native/cuda/NLLLoss2d.cu:103: nll_loss2d_forward_kernel: block: [48,0,0], thread: [276,0,0] Assertion `t >= 0 && t < n_classes` failed.
../aten/src/ATen/native/cuda/NLLLoss2d.cu:103: nll_loss2d_forward_kernel: block: [48,0,0], thread: [277,0,0] Assertion `t >= 0 && t < n_classes` failed.
../aten/src/ATen/native/cuda/NLLLoss2d.cu:103: nll_loss2d_forward_kernel: block: [48,0,0], thread: [278,0,0] Assertion `t >= 0 && t < n_classes` failed.
../aten/src/ATen/native/cuda/NLLLoss2d.cu:103: nll_loss2d_forward_kernel: block: [20,0,0], thread: [325,0,0] Assertion `t >= 0 && t < n_classes` failed.
../aten/src/ATen/native/cuda/NLLLoss2d.cu:103: nll_loss2d_forward_kernel: block: [27,0,0], thread: [130,0,0] Assertion `t >= 0 && t < n_classes` failed.
../aten/src/ATen/native/cuda/NLLLoss2d.cu:103: nll_loss2d_forward_kernel: block: [48,0,0], thread: [524,0,0] Assertion `t >= 0 && t < n_classes` failed.
../aten/src/ATen/native/cuda/NLLLoss2d.cu:103: nll_loss2d_forward_kernel: block: [48,0,0], thread: [525,0,0] Assertion `t >= 0 && t < n_classes` failed.
../aten/src/ATen/native/cuda/NLLLoss2d.cu:103: nll_loss2d_forward_kernel: block: [48,0,0], thread: [526,0,0] Assertion `t >= 0 && t < n_classes` failed.
../aten/src/ATen/native/cuda/NLLLoss2d.cu:103: nll_loss2d_forward_kernel: block: [48,0,0], thread: [529,0,0] Assertion `t >= 0 && t < n_classes` failed.
../aten/src/ATen/native/cuda/NLLLoss2d.cu:103: nll_loss2d_forward_kernel: block: [48,0,0], thread: [530,0,0] Assertion `t >= 0 && t < n_classes` failed.
../aten/src/ATen/native/cuda/NLLLoss2d.cu:103: nll_loss2d_forward_kernel: block: [48,0,0], thread: [531,0,0] Assertion `t >= 0 && t < n_classes` failed.
../aten/src/ATen/native/cuda/NLLLoss2d.cu:103: nll_loss2d_forward_kernel: block: [48,0,0], thread: [532,0,0] Assertion `t >= 0 && t < n_classes` failed.
../aten/src/ATen/native/cuda/NLLLoss2d.cu:103: nll_loss2d_forward_kernel: block: [48,0,0], thread: [533,0,0] Assertion `t >= 0 && t < n_classes` failed.
../aten/src/ATen/native/cuda/NLLLoss2d.cu:103: nll_loss2d_forward_kernel: block: [48,0,0], thread: [534,0,0] Assertion `t >= 0 && t < n_classes` failed.
../aten/src/ATen/native/cuda/NLLLoss2d.cu:103: nll_loss2d_forward_kernel: block: [48,0,0], thread: [535,0,0] Assertion `t >= 0 && t < n_classes` failed.
../aten/src/ATen/native/cuda/NLLLoss2d.cu:103: nll_loss2d_forward_kernel: block: [0,0,0], thread: [992,0,0] Assertion `t >= 0 && t < n_classes` failed.
../aten/src/ATen/native/cuda/NLLLoss2d.cu:103: nll_loss2d_forward_kernel: block: [27,0,0], thread: [710,0,0] Assertion `t >= 0 && t < n_classes` failed.
../aten/src/ATen/native/cuda/NLLLoss2d.cu:103: nll_loss2d_forward_kernel: block: [27,0,0], thread: [711,0,0] Assertion `t >= 0 && t < n_classes` failed.
../aten/src/ATen/native/cuda/NLLLoss2d.cu:103: nll_loss2d_forward_kernel: block: [27,0,0], thread: [712,0,0] Assertion `t >= 0 && t < n_classes` failed.
../aten/src/ATen/native/cuda/NLLLoss2d.cu:103: nll_loss2d_forward_kernel: block: [46,0,0], thread: [961,0,0] Assertion `t >= 0 && t < n_classes` failed.
../aten/src/ATen/native/cuda/NLLLoss2d.cu:103: nll_loss2d_forward_kernel: block: [46,0,0], thread: [962,0,0] Assertion `t >= 0 && t < n_classes` failed.
../aten/src/ATen/native/cuda/NLLLoss2d.cu:103: nll_loss2d_forward_kernel: block: [46,0,0], thread: [963,0,0] Assertion `t >= 0 && t < n_classes` failed.
../aten/src/ATen/native/cuda/NLLLoss2d.cu:103: nll_loss2d_forward_kernel: block: [46,0,0], thread: [964,0,0] Assertion `t >= 0 && t < n_classes` failed.
../aten/src/ATen/native/cuda/NLLLoss2d.cu:103: nll_loss2d_forward_kernel: block: [48,0,0], thread: [775,0,0] Assertion `t >= 0 && t < n_classes` failed.
../aten/src/ATen/native/cuda/NLLLoss2d.cu:103: nll_loss2d_forward_kernel: block: [48,0,0], thread: [776,0,0] Assertion `t >= 0 && t < n_classes` failed.
../aten/src/ATen/native/cuda/NLLLoss2d.cu:103: nll_loss2d_forward_kernel: block: [48,0,0], thread: [777,0,0] Assertion `t >= 0 && t < n_classes` failed.
../aten/src/ATen/native/cuda/NLLLoss2d.cu:103: nll_loss2d_forward_kernel: block: [48,0,0], thread: [778,0,0] Assertion `t >= 0 && t < n_classes` failed.
../aten/src/ATen/native/cuda/NLLLoss2d.cu:103: nll_loss2d_forward_kernel: block: [48,0,0], thread: [779,0,0] Assertion `t >= 0 && t < n_classes` failed.
../aten/src/ATen/native/cuda/NLLLoss2d.cu:103: nll_loss2d_forward_kernel: block: [48,0,0], thread: [780,0,0] Assertion `t >= 0 && t < n_classes` failed.
../aten/src/ATen/native/cuda/NLLLoss2d.cu:103: nll_loss2d_forward_kernel: block: [48,0,0], thread: [781,0,0] Assertion `t >= 0 && t < n_classes` failed.
../aten/src/ATen/native/cuda/NLLLoss2d.cu:103: nll_loss2d_forward_kernel: block: [48,0,0], thread: [782,0,0] Assertion `t >= 0 && t < n_classes` failed.
../aten/src/ATen/native/cuda/NLLLoss2d.cu:103: nll_loss2d_forward_kernel: block: [48,0,0], thread: [783,0,0] Assertion `t >= 0 && t < n_classes` failed.
../aten/src/ATen/native/cuda/NLLLoss2d.cu:103: nll_loss2d_forward_kernel: block: [48,0,0], thread: [784,0,0] Assertion `t >= 0 && t < n_classes` failed.
../aten/src/ATen/native/cuda/NLLLoss2d.cu:103: nll_loss2d_forward_kernel: block: [48,0,0], thread: [785,0,0] Assertion `t >= 0 && t < n_classes` failed.
../aten/src/ATen/native/cuda/NLLLoss2d.cu:103: nll_loss2d_forward_kernel: block: [48,0,0], thread: [786,0,0] Assertion `t >= 0 && t < n_classes` failed.
../aten/src/ATen/native/cuda/NLLLoss2d.cu:103: nll_loss2d_forward_kernel: block: [48,0,0], thread: [787,0,0] Assertion `t >= 0 && t < n_classes` failed.
../aten/src/ATen/native/cuda/NLLLoss2d.cu:103: nll_loss2d_forward_kernel: block: [48,0,0], thread: [788,0,0] Assertion `t >= 0 && t < n_classes` failed.
../aten/src/ATen/native/cuda/NLLLoss2d.cu:103: nll_loss2d_forward_kernel: block: [48,0,0], thread: [789,0,0] Assertion `t >= 0 && t < n_classes` failed.
../aten/src/ATen/native/cuda/NLLLoss2d.cu:103: nll_loss2d_forward_kernel: block: [48,0,0], thread: [790,0,0] Assertion `t >= 0 && t < n_classes` failed.
../aten/src/ATen/native/cuda/NLLLoss2d.cu:103: nll_loss2d_forward_kernel: block: [48,0,0], thread: [791,0,0] Assertion `t >= 0 && t < n_classes` failed.
../aten/src/ATen/native/cuda/NLLLoss2d.cu:103: nll_loss2d_forward_kernel: block: [48,0,0], thread: [792,0,0] Assertion `t >= 0 && t < n_classes` failed.
../aten/src/ATen/native/cuda/NLLLoss2d.cu:103: nll_loss2d_forward_kernel: block: [46,0,0], thread: [450,0,0] Assertion `t >= 0 && t < n_classes` failed.
../aten/src/ATen/native/cuda/NLLLoss2d.cu:103: nll_loss2d_forward_kernel: block: [46,0,0], thread: [451,0,0] Assertion `t >= 0 && t < n_classes` failed.
../aten/src/ATen/native/cuda/NLLLoss2d.cu:103: nll_loss2d_forward_kernel: block: [46,0,0], thread: [705,0,0] Assertion `t >= 0 && t < n_classes` failed.
../aten/src/ATen/native/cuda/NLLLoss2d.cu:103: nll_loss2d_forward_kernel: block: [27,0,0], thread: [452,0,0] Assertion `t >= 0 && t < n_classes` failed.
../aten/src/ATen/native/cuda/NLLLoss2d.cu:103: nll_loss2d_forward_kernel: block: [27,0,0], thread: [453,0,0] Assertion `t >= 0 && t < n_classes` failed.
../aten/src/ATen/native/cuda/NLLLoss2d.cu:103: nll_loss2d_forward_kernel: block: [27,0,0], thread: [454,0,0] Assertion `t >= 0 && t < n_classes` failed.
../aten/src/ATen/native/cuda/NLLLoss2d.cu:103: nll_loss2d_forward_kernel: block: [27,0,0], thread: [455,0,0] Assertion `t >= 0 && t < n_classes` failed.
../aten/src/ATen/native/cuda/NLLLoss2d.cu:103: nll_loss2d_forward_kernel: block: [27,0,0], thread: [456,0,0] Assertion `t >= 0 && t < n_classes` failed.
../aten/src/ATen/native/cuda/NLLLoss2d.cu:103: nll_loss2d_forward_kernel: block: [27,0,0], thread: [457,0,0] Assertion `t >= 0 && t < n_classes` failed.
../aten/src/ATen/native/cuda/NLLLoss2d.cu:103: nll_loss2d_forward_kernel: block: [27,0,0], thread: [461,0,0] Assertion `t >= 0 && t < n_classes` failed.
../aten/src/ATen/native/cuda/NLLLoss2d.cu:103: nll_loss2d_forward_kernel: block: [27,0,0], thread: [462,0,0] Assertion `t >= 0 && t < n_classes` failed.
../aten/src/ATen/native/cuda/NLLLoss2d.cu:103: nll_loss2d_forward_kernel: block: [27,0,0], thread: [463,0,0] Assertion `t >= 0 && t < n_classes` failed.
../aten/src/ATen/native/cuda/NLLLoss2d.cu:103: nll_loss2d_forward_kernel: block: [0,0,0], thread: [438,0,0] Assertion `t >= 0 && t < n_classes` failed.
../aten/src/ATen/native/cuda/NLLLoss2d.cu:103: nll_loss2d_forward_kernel: block: [0,0,0], thread: [482,0,0] Assertion `t >= 0 && t < n_classes` failed.
../aten/src/ATen/native/cuda/NLLLoss2d.cu:103: nll_loss2d_forward_kernel: block: [0,0,0], thread: [483,0,0] Assertion `t >= 0 && t < n_classes` failed.
../aten/src/ATen/native/cuda/NLLLoss2d.cu:103: nll_loss2d_forward_kernel: block: [0,0,0], thread: [484,0,0] Assertion `t >= 0 && t < n_classes` failed.
../aten/src/ATen/native/cuda/NLLLoss2d.cu:103: nll_loss2d_forward_kernel: block: [0,0,0], thread: [485,0,0] Assertion `t >= 0 && t < n_classes` failed.
../aten/src/ATen/native/cuda/NLLLoss2d.cu:103: nll_loss2d_forward_kernel: block: [0,0,0], thread: [486,0,0] Assertion `t >= 0 && t < n_classes` failed.
../aten/src/ATen/native/cuda/NLLLoss2d.cu:103: nll_loss2d_forward_kernel: block: [0,0,0], thread: [487,0,0] Assertion `t >= 0 && t < n_classes` failed.
../aten/src/ATen/native/cuda/NLLLoss2d.cu:103: nll_loss2d_forward_kernel: block: [0,0,0], thread: [488,0,0] Assertion `t >= 0 && t < n_classes` failed.
../aten/src/ATen/native/cuda/NLLLoss2d.cu:103: nll_loss2d_forward_kernel: block: [0,0,0], thread: [489,0,0] Assertion `t >= 0 && t < n_classes` failed.
../aten/src/ATen/native/cuda/NLLLoss2d.cu:103: nll_loss2d_forward_kernel: block: [0,0,0], thread: [490,0,0] Assertion `t >= 0 && t < n_classes` failed.
../aten/src/ATen/native/cuda/NLLLoss2d.cu:103: nll_loss2d_forward_kernel: block: [46,0,0], thread: [193,0,0] Assertion `t >= 0 && t < n_classes` failed.
../aten/src/ATen/native/cuda/NLLLoss2d.cu:103: nll_loss2d_forward_kernel: block: [46,0,0], thread: [194,0,0] Assertion `t >= 0 && t < n_classes` failed.
../aten/src/ATen/native/cuda/NLLLoss2d.cu:103: nll_loss2d_forward_kernel: block: [46,0,0], thread: [195,0,0] Assertion `t >= 0 && t < n_classes` failed.
../aten/src/ATen/native/cuda/NLLLoss2d.cu:103: nll_loss2d_forward_kernel: block: [46,0,0], thread: [196,0,0] Assertion `t >= 0 && t < n_classes` failed.
../aten/src/ATen/native/cuda/NLLLoss2d.cu:103: nll_loss2d_forward_kernel: block: [0,0,0], thread: [474,0,0] Assertion `t >= 0 && t < n_classes` failed.
../aten/src/ATen/native/cuda/NLLLoss2d.cu:103: nll_loss2d_forward_kernel: block: [20,0,0], thread: [538,0,0] Assertion `t >= 0 && t < n_classes` failed.
../aten/src/ATen/native/cuda/NLLLoss2d.cu:103: nll_loss2d_forward_kernel: block: [20,0,0], thread: [539,0,0] Assertion `t >= 0 && t < n_classes` failed.
../aten/src/ATen/native/cuda/NLLLoss2d.cu:103: nll_loss2d_forward_kernel: block: [20,0,0], thread: [540,0,0] Assertion `t >= 0 && t < n_classes` failed.
../aten/src/ATen/native/cuda/NLLLoss2d.cu:103: nll_loss2d_forward_kernel: block: [20,0,0], thread: [541,0,0] Assertion `t >= 0 && t < n_classes` failed.
../aten/src/ATen/native/cuda/NLLLoss2d.cu:103: nll_loss2d_forward_kernel: block: [20,0,0], thread: [542,0,0] Assertion `t >= 0 && t < n_classes` failed.
../aten/src/ATen/native/cuda/NLLLoss2d.cu:103: nll_loss2d_forward_kernel: block: [20,0,0], thread: [543,0,0] Assertion `t >= 0 && t < n_classes` failed.
../aten/src/ATen/native/cuda/NLLLoss2d.cu:103: nll_loss2d_forward_kernel: block: [20,0,0], thread: [288,0,0] Assertion `t >= 0 && t < n_classes` failed.
../aten/src/ATen/native/cuda/NLLLoss2d.cu:103: nll_loss2d_forward_kernel: block: [20,0,0], thread: [298,0,0] Assertion `t >= 0 && t < n_classes` failed.
../aten/src/ATen/native/cuda/NLLLoss2d.cu:103: nll_loss2d_forward_kernel: block: [20,0,0], thread: [299,0,0] Assertion `t >= 0 && t < n_classes` failed.
../aten/src/ATen/native/cuda/NLLLoss2d.cu:103: nll_loss2d_forward_kernel: block: [20,0,0], thread: [312,0,0] Assertion `t >= 0 && t < n_classes` failed.
../aten/src/ATen/native/cuda/NLLLoss2d.cu:103: nll_loss2d_forward_kernel: block: [20,0,0], thread: [313,0,0] Assertion `t >= 0 && t < n_classes` failed.
../aten/src/ATen/native/cuda/NLLLoss2d.cu:103: nll_loss2d_forward_kernel: block: [20,0,0], thread: [314,0,0] Assertion `t >= 0 && t < n_classes` failed.
../aten/src/ATen/native/cuda/NLLLoss2d.cu:103: nll_loss2d_forward_kernel: block: [20,0,0], thread: [315,0,0] Assertion `t >= 0 && t < n_classes` failed.
../aten/src/ATen/native/cuda/NLLLoss2d.cu:103: nll_loss2d_forward_kernel: block: [20,0,0], thread: [318,0,0] Assertion `t >= 0 && t < n_classes` failed.
../aten/src/ATen/native/cuda/NLLLoss2d.cu:103: nll_loss2d_forward_kernel: block: [20,0,0], thread: [787,0,0] Assertion `t >= 0 && t < n_classes` failed.
../aten/src/ATen/native/cuda/NLLLoss2d.cu:103: nll_loss2d_forward_kernel: block: [20,0,0], thread: [789,0,0] Assertion `t >= 0 && t < n_classes` failed.
../aten/src/ATen/native/cuda/NLLLoss2d.cu:103: nll_loss2d_forward_kernel: block: [20,0,0], thread: [790,0,0] Assertion `t >= 0 && t < n_classes` failed.
../aten/src/ATen/native/cuda/NLLLoss2d.cu:103: nll_loss2d_forward_kernel: block: [20,0,0], thread: [794,0,0] Assertion `t >= 0 && t < n_classes` failed.
../aten/src/ATen/native/cuda/NLLLoss2d.cu:103: nll_loss2d_forward_kernel: block: [20,0,0], thread: [795,0,0] Assertion `t >= 0 && t < n_classes` failed.
../aten/src/ATen/native/cuda/NLLLoss2d.cu:103: nll_loss2d_forward_kernel: block: [20,0,0], thread: [796,0,0] Assertion `t >= 0 && t < n_classes` failed.
../aten/src/ATen/native/cuda/NLLLoss2d.cu:103: nll_loss2d_forward_kernel: block: [20,0,0], thread: [797,0,0] Assertion `t >= 0 && t < n_classes` failed.
../aten/src/ATen/native/cuda/NLLLoss2d.cu:103: nll_loss2d_forward_kernel: block: [20,0,0], thread: [798,0,0] Assertion `t >= 0 && t < n_classes` failed.
../aten/src/ATen/native/cuda/NLLLoss2d.cu:103: nll_loss2d_forward_kernel: block: [20,0,0], thread: [799,0,0] Assertion `t >= 0 && t < n_classes` failed.
../aten/src/ATen/native/cuda/NLLLoss2d.cu:103: nll_loss2d_forward_kernel: block: [25,0,0], thread: [481,0,0] Assertion `t >= 0 && t < n_classes` failed.
../aten/src/ATen/native/cuda/NLLLoss2d.cu:103: nll_loss2d_forward_kernel: block: [25,0,0], thread: [514,0,0] Assertion `t >= 0 && t < n_classes` failed.
../aten/src/ATen/native/cuda/NLLLoss2d.cu:103: nll_loss2d_forward_kernel: block: [42,0,0], thread: [898,0,0] Assertion `t >= 0 && t < n_classes` failed.
../aten/src/ATen/native/cuda/NLLLoss2d.cu:103: nll_loss2d_forward_kernel: block: [42,0,0], thread: [642,0,0] Assertion `t >= 0 && t < n_classes` failed.
../aten/src/ATen/native/cuda/NLLLoss2d.cu:103: nll_loss2d_forward_kernel: block: [20,0,0], thread: [544,0,0] Assertion `t >= 0 && t < n_classes` failed.
../aten/src/ATen/native/cuda/NLLLoss2d.cu:103: nll_loss2d_forward_kernel: block: [20,0,0], thread: [545,0,0] Assertion `t >= 0 && t < n_classes` failed.
../aten/src/ATen/native/cuda/NLLLoss2d.cu:103: nll_loss2d_forward_kernel: block: [20,0,0], thread: [546,0,0] Assertion `t >= 0 && t < n_classes` failed.
../aten/src/ATen/native/cuda/NLLLoss2d.cu:103: nll_loss2d_forward_kernel: block: [20,0,0], thread: [547,0,0] Assertion `t >= 0 && t < n_classes` failed.
../aten/src/ATen/native/cuda/NLLLoss2d.cu:103: nll_loss2d_forward_kernel: block: [20,0,0], thread: [553,0,0] Assertion `t >= 0 && t < n_classes` failed.
../aten/src/ATen/native/cuda/NLLLoss2d.cu:103: nll_loss2d_forward_kernel: block: [20,0,0], thread: [554,0,0] Assertion `t >= 0 && t < n_classes` failed.
../aten/src/ATen/native/cuda/NLLLoss2d.cu:103: nll_loss2d_forward_kernel: block: [20,0,0], thread: [555,0,0] Assertion `t >= 0 && t < n_classes` failed.
../aten/src/ATen/native/cuda/NLLLoss2d.cu:103: nll_loss2d_forward_kernel: block: [20,0,0], thread: [566,0,0] Assertion `t >= 0 && t < n_classes` failed.
../aten/src/ATen/native/cuda/NLLLoss2d.cu:103: nll_loss2d_forward_kernel: block: [20,0,0], thread: [567,0,0] Assertion `t >= 0 && t < n_classes` failed.
../aten/src/ATen/native/cuda/NLLLoss2d.cu:103: nll_loss2d_forward_kernel: block: [20,0,0], thread: [568,0,0] Assertion `t >= 0 && t < n_classes` failed.
../aten/src/ATen/native/cuda/NLLLoss2d.cu:103: nll_loss2d_forward_kernel: block: [20,0,0], thread: [569,0,0] Assertion `t >= 0 && t < n_classes` failed.
../aten/src/ATen/native/cuda/NLLLoss2d.cu:103: nll_loss2d_forward_kernel: block: [20,0,0], thread: [570,0,0] Assertion `t >= 0 && t < n_classes` failed.
../aten/src/ATen/native/cuda/NLLLoss2d.cu:103: nll_loss2d_forward_kernel: block: [20,0,0], thread: [571,0,0] Assertion `t >= 0 && t < n_classes` failed.
../aten/src/ATen/native/cuda/NLLLoss2d.cu:103: nll_loss2d_forward_kernel: block: [20,0,0], thread: [572,0,0] Assertion `t >= 0 && t < n_classes` failed.
../aten/src/ATen/native/cuda/NLLLoss2d.cu:103: nll_loss2d_forward_kernel: block: [20,0,0], thread: [573,0,0] Assertion `t >= 0 && t < n_classes` failed.
../aten/src/ATen/native/cuda/NLLLoss2d.cu:103: nll_loss2d_forward_kernel: block: [20,0,0], thread: [574,0,0] Assertion `t >= 0 && t < n_classes` failed.
../aten/src/ATen/native/cuda/NLLLoss2d.cu:103: nll_loss2d_forward_kernel: block: [40,0,0], thread: [776,0,0] Assertion `t >= 0 && t < n_classes` failed.
../aten/src/ATen/native/cuda/NLLLoss2d.cu:103: nll_loss2d_forward_kernel: block: [42,0,0], thread: [130,0,0] Assertion `t >= 0 && t < n_classes` failed.
../aten/src/ATen/native/cuda/NLLLoss2d.cu:103: nll_loss2d_forward_kernel: block: [42,0,0], thread: [131,0,0] Assertion `t >= 0 && t < n_classes` failed.
../aten/src/ATen/native/cuda/NLLLoss2d.cu:103: nll_loss2d_forward_kernel: block: [40,0,0], thread: [555,0,0] Assertion `t >= 0 && t < n_classes` failed.
../aten/src/ATen/native/cuda/NLLLoss2d.cu:103: nll_loss2d_forward_kernel: block: [40,0,0], thread: [811,0,0] Assertion `t >= 0 && t < n_classes` failed.
../aten/src/ATen/native/cuda/NLLLoss2d.cu:103: nll_loss2d_forward_kernel: block: [40,0,0], thread: [43,0,0] Assertion `t >= 0 && t < n_classes` failed.
../aten/src/ATen/native/cuda/NLLLoss2d.cu:103: nll_loss2d_forward_kernel: block: [42,0,0], thread: [386,0,0] Assertion `t >= 0 && t < n_classes` failed.
../aten/src/ATen/native/cuda/NLLLoss2d.cu:103: nll_loss2d_forward_kernel: block: [42,0,0], thread: [387,0,0] Assertion `t >= 0 && t < n_classes` failed.
../aten/src/ATen/native/cuda/NLLLoss2d.cu:103: nll_loss2d_forward_kernel: block: [40,0,0], thread: [516,0,0] Assertion `t >= 0 && t < n_classes` failed.
../aten/src/ATen/native/cuda/NLLLoss2d.cu:103: nll_loss2d_forward_kernel: block: [42,0,0], thread: [790,0,0] Assertion `t >= 0 && t < n_classes` failed.
../aten/src/ATen/native/cuda/NLLLoss2d.cu:103: nll_loss2d_forward_kernel: block: [40,0,0], thread: [942,0,0] Assertion `t >= 0 && t < n_classes` failed.
../aten/src/ATen/native/cuda/NLLLoss2d.cu:103: nll_loss2d_forward_kernel: block: [40,0,0], thread: [943,0,0] Assertion `t >= 0 && t < n_classes` failed.
../aten/src/ATen/native/cuda/NLLLoss2d.cu:103: nll_loss2d_forward_kernel: block: [25,0,0], thread: [770,0,0] Assertion `t >= 0 && t < n_classes` failed.
../aten/src/ATen/native/cuda/NLLLoss2d.cu:103: nll_loss2d_forward_kernel: block: [25,0,0], thread: [771,0,0] Assertion `t >= 0 && t < n_classes` failed.
../aten/src/ATen/native/cuda/NLLLoss2d.cu:103: nll_loss2d_forward_kernel: block: [25,0,0], thread: [772,0,0] Assertion `t >= 0 && t < n_classes` failed.
../aten/src/ATen/native/cuda/NLLLoss2d.cu:103: nll_loss2d_forward_kernel: block: [25,0,0], thread: [773,0,0] Assertion `t >= 0 && t < n_classes` failed.
../aten/src/ATen/native/cuda/NLLLoss2d.cu:103: nll_loss2d_forward_kernel: block: [25,0,0], thread: [780,0,0] Assertion `t >= 0 && t < n_classes` failed.
../aten/src/ATen/native/cuda/NLLLoss2d.cu:103: nll_loss2d_forward_kernel: block: [25,0,0], thread: [781,0,0] Assertion `t >= 0 && t < n_classes` failed.
../aten/src/ATen/native/cuda/NLLLoss2d.cu:103: nll_loss2d_forward_kernel: block: [25,0,0], thread: [782,0,0] Assertion `t >= 0 && t < n_classes` failed.
../aten/src/ATen/native/cuda/NLLLoss2d.cu:103: nll_loss2d_forward_kernel: block: [25,0,0], thread: [786,0,0] Assertion `t >= 0 && t < n_classes` failed.
../aten/src/ATen/native/cuda/NLLLoss2d.cu:103: nll_loss2d_forward_kernel: block: [25,0,0], thread: [787,0,0] Assertion `t >= 0 && t < n_classes` failed.
../aten/src/ATen/native/cuda/NLLLoss2d.cu:103: nll_loss2d_forward_kernel: block: [25,0,0], thread: [788,0,0] Assertion `t >= 0 && t < n_classes` failed.
../aten/src/ATen/native/cuda/NLLLoss2d.cu:103: nll_loss2d_forward_kernel: block: [7,0,0], thread: [874,0,0] Assertion `t >= 0 && t < n_classes` failed.
../aten/src/ATen/native/cuda/NLLLoss2d.cu:103: nll_loss2d_forward_kernel: block: [7,0,0], thread: [875,0,0] Assertion `t >= 0 && t < n_classes` failed.
../aten/src/ATen/native/cuda/NLLLoss2d.cu:103: nll_loss2d_forward_kernel: block: [11,0,0], thread: [647,0,0] Assertion `t >= 0 && t < n_classes` failed.
../aten/src/ATen/native/cuda/NLLLoss2d.cu:103: nll_loss2d_forward_kernel: block: [11,0,0], thread: [391,0,0] Assertion `t >= 0 && t < n_classes` failed.
../aten/src/ATen/native/cuda/NLLLoss2d.cu:103: nll_loss2d_forward_kernel: block: [42,0,0], thread: [534,0,0] Assertion `t >= 0 && t < n_classes` failed.
../aten/src/ATen/native/cuda/NLLLoss2d.cu:103: nll_loss2d_forward_kernel: block: [11,0,0], thread: [841,0,0] Assertion `t >= 0 && t < n_classes` failed.
../aten/src/ATen/native/cuda/NLLLoss2d.cu:103: nll_loss2d_forward_kernel: block: [11,0,0], thread: [842,0,0] Assertion `t >= 0 && t < n_classes` failed.
../aten/src/ATen/native/cuda/NLLLoss2d.cu:103: nll_loss2d_forward_kernel: block: [21,0,0], thread: [914,0,0] Assertion `t >= 0 && t < n_classes` failed.
../aten/src/ATen/native/cuda/NLLLoss2d.cu:103: nll_loss2d_forward_kernel: block: [21,0,0], thread: [915,0,0] Assertion `t >= 0 && t < n_classes` failed.
../aten/src/ATen/native/cuda/NLLLoss2d.cu:103: nll_loss2d_forward_kernel: block: [21,0,0], thread: [916,0,0] Assertion `t >= 0 && t < n_classes` failed.
../aten/src/ATen/native/cuda/NLLLoss2d.cu:103: nll_loss2d_forward_kernel: block: [21,0,0], thread: [917,0,0] Assertion `t >= 0 && t < n_classes` failed.
../aten/src/ATen/native/cuda/NLLLoss2d.cu:103: nll_loss2d_forward_kernel: block: [11,0,0], thread: [135,0,0] Assertion `t >= 0 && t < n_classes` failed.
../aten/src/ATen/native/cuda/NLLLoss2d.cu:103: nll_loss2d_forward_kernel: block: [11,0,0], thread: [903,0,0] Assertion `t >= 0 && t < n_classes` failed.
../aten/src/ATen/native/cuda/NLLLoss2d.cu:103: nll_loss2d_forward_kernel: block: [11,0,0], thread: [908,0,0] Assertion `t >= 0 && t < n_classes` failed.
../aten/src/ATen/native/cuda/NLLLoss2d.cu:103: nll_loss2d_forward_kernel: block: [28,0,0], thread: [627,0,0] Assertion `t >= 0 && t < n_classes` failed.
../aten/src/ATen/native/cuda/NLLLoss2d.cu:103: nll_loss2d_forward_kernel: block: [28,0,0], thread: [631,0,0] Assertion `t >= 0 && t < n_classes` failed.
../aten/src/ATen/native/cuda/NLLLoss2d.cu:103: nll_loss2d_forward_kernel: block: [21,0,0], thread: [403,0,0] Assertion `t >= 0 && t < n_classes` failed.
../aten/src/ATen/native/cuda/NLLLoss2d.cu:103: nll_loss2d_forward_kernel: block: [21,0,0], thread: [404,0,0] Assertion `t >= 0 && t < n_classes` failed.
../aten/src/ATen/native/cuda/NLLLoss2d.cu:103: nll_loss2d_forward_kernel: block: [21,0,0], thread: [405,0,0] Assertion `t >= 0 && t < n_classes` failed.
../aten/src/ATen/native/cuda/NLLLoss2d.cu:103: nll_loss2d_forward_kernel: block: [21,0,0], thread: [32,0,0] Assertion `t >= 0 && t < n_classes` failed.
../aten/src/ATen/native/cuda/NLLLoss2d.cu:103: nll_loss2d_forward_kernel: block: [21,0,0], thread: [33,0,0] Assertion `t >= 0 && t < n_classes` failed.
../aten/src/ATen/native/cuda/NLLLoss2d.cu:103: nll_loss2d_forward_kernel: block: [21,0,0], thread: [34,0,0] Assertion `t >= 0 && t < n_classes` failed.
../aten/src/ATen/native/cuda/NLLLoss2d.cu:103: nll_loss2d_forward_kernel: block: [31,0,0], thread: [775,0,0] Assertion `t >= 0 && t < n_classes` failed.
../aten/src/ATen/native/cuda/NLLLoss2d.cu:103: nll_loss2d_forward_kernel: block: [21,0,0], thread: [288,0,0] Assertion `t >= 0 && t < n_classes` failed.
../aten/src/ATen/native/cuda/NLLLoss2d.cu:103: nll_loss2d_forward_kernel: block: [21,0,0], thread: [289,0,0] Assertion `t >= 0 && t < n_classes` failed.
../aten/src/ATen/native/cuda/NLLLoss2d.cu:103: nll_loss2d_forward_kernel: block: [21,0,0], thread: [290,0,0] Assertion `t >= 0 && t < n_classes` failed.
../aten/src/ATen/native/cuda/NLLLoss2d.cu:103: nll_loss2d_forward_kernel: block: [21,0,0], thread: [297,0,0] Assertion `t >= 0 && t < n_classes` failed.
../aten/src/ATen/native/cuda/NLLLoss2d.cu:103: nll_loss2d_forward_kernel: block: [21,0,0], thread: [298,0,0] Assertion `t >= 0 && t < n_classes` failed.
../aten/src/ATen/native/cuda/NLLLoss2d.cu:103: nll_loss2d_forward_kernel: block: [21,0,0], thread: [858,0,0] Assertion `t >= 0 && t < n_classes` failed.
../aten/src/ATen/native/cuda/NLLLoss2d.cu:103: nll_loss2d_forward_kernel: block: [21,0,0], thread: [859,0,0] Assertion `t >= 0 && t < n_classes` failed.
../aten/src/ATen/native/cuda/NLLLoss2d.cu:103: nll_loss2d_forward_kernel: block: [21,0,0], thread: [860,0,0] Assertion `t >= 0 && t < n_classes` failed.
../aten/src/ATen/native/cuda/NLLLoss2d.cu:103: nll_loss2d_forward_kernel: block: [7,0,0], thread: [147,0,0] Assertion `t >= 0 && t < n_classes` failed.
../aten/src/ATen/native/cuda/NLLLoss2d.cu:103: nll_loss2d_forward_kernel: block: [7,0,0], thread: [148,0,0] Assertion `t >= 0 && t < n_classes` failed.
../aten/src/ATen/native/cuda/NLLLoss2d.cu:103: nll_loss2d_forward_kernel: block: [21,0,0], thread: [602,0,0] Assertion `t >= 0 && t < n_classes` failed.
../aten/src/ATen/native/cuda/NLLLoss2d.cu:103: nll_loss2d_forward_kernel: block: [21,0,0], thread: [603,0,0] Assertion `t >= 0 && t < n_classes` failed.
../aten/src/ATen/native/cuda/NLLLoss2d.cu:103: nll_loss2d_forward_kernel: block: [38,0,0], thread: [867,0,0] Assertion `t >= 0 && t < n_classes` failed.
../aten/src/ATen/native/cuda/NLLLoss2d.cu:103: nll_loss2d_forward_kernel: block: [38,0,0], thread: [868,0,0] Assertion `t >= 0 && t < n_classes` failed.
../aten/src/ATen/native/cuda/NLLLoss2d.cu:103: nll_loss2d_forward_kernel: block: [21,0,0], thread: [544,0,0] Assertion `t >= 0 && t < n_classes` failed.
../aten/src/ATen/native/cuda/NLLLoss2d.cu:103: nll_loss2d_forward_kernel: block: [21,0,0], thread: [545,0,0] Assertion `t >= 0 && t < n_classes` failed.
../aten/src/ATen/native/cuda/NLLLoss2d.cu:103: nll_loss2d_forward_kernel: block: [21,0,0], thread: [546,0,0] Assertion `t >= 0 && t < n_classes` failed.
../aten/src/ATen/native/cuda/NLLLoss2d.cu:103: nll_loss2d_forward_kernel: block: [21,0,0], thread: [552,0,0] Assertion `t >= 0 && t < n_classes` failed.
../aten/src/ATen/native/cuda/NLLLoss2d.cu:103: nll_loss2d_forward_kernel: block: [21,0,0], thread: [553,0,0] Assertion `t >= 0 && t < n_classes` failed.
../aten/src/ATen/native/cuda/NLLLoss2d.cu:103: nll_loss2d_forward_kernel: block: [21,0,0], thread: [554,0,0] Assertion `t >= 0 && t < n_classes` failed.
../aten/src/ATen/native/cuda/NLLLoss2d.cu:103: nll_loss2d_forward_kernel: block: [21,0,0], thread: [555,0,0] Assertion `t >= 0 && t < n_classes` failed.
../aten/src/ATen/native/cuda/NLLLoss2d.cu:103: nll_loss2d_forward_kernel: block: [12,0,0], thread: [837,0,0] Assertion `t >= 0 && t < n_classes` failed.
../aten/src/ATen/native/cuda/NLLLoss2d.cu:103: nll_loss2d_forward_kernel: block: [12,0,0], thread: [838,0,0] Assertion `t >= 0 && t < n_classes` failed.
../aten/src/ATen/native/cuda/NLLLoss2d.cu:103: nll_loss2d_forward_kernel: block: [12,0,0], thread: [839,0,0] Assertion `t >= 0 && t < n_classes` failed.
../aten/src/ATen/native/cuda/NLLLoss2d.cu:103: nll_loss2d_forward_kernel: block: [38,0,0], thread: [355,0,0] Assertion `t >= 0 && t < n_classes` failed.
../aten/src/ATen/native/cuda/NLLLoss2d.cu:103: nll_loss2d_forward_kernel: block: [38,0,0], thread: [611,0,0] Assertion `t >= 0 && t < n_classes` failed.
../aten/src/ATen/native/cuda/NLLLoss2d.cu:103: nll_loss2d_forward_kernel: block: [38,0,0], thread: [612,0,0] Assertion `t >= 0 && t < n_classes` failed.
../aten/src/ATen/native/cuda/NLLLoss2d.cu:103: nll_loss2d_forward_kernel: block: [7,0,0], thread: [400,0,0] Assertion `t >= 0 && t < n_classes` failed.
../aten/src/ATen/native/cuda/NLLLoss2d.cu:103: nll_loss2d_forward_kernel: block: [7,0,0], thread: [401,0,0] Assertion `t >= 0 && t < n_classes` failed.
../aten/src/ATen/native/cuda/NLLLoss2d.cu:103: nll_loss2d_forward_kernel: block: [7,0,0], thread: [402,0,0] Assertion `t >= 0 && t < n_classes` failed.
../aten/src/ATen/native/cuda/NLLLoss2d.cu:103: nll_loss2d_forward_kernel: block: [7,0,0], thread: [403,0,0] Assertion `t >= 0 && t < n_classes` failed.
../aten/src/ATen/native/cuda/NLLLoss2d.cu:103: nll_loss2d_forward_kernel: block: [7,0,0], thread: [404,0,0] Assertion `t >= 0 && t < n_classes` failed.
../aten/src/ATen/native/cuda/NLLLoss2d.cu:103: nll_loss2d_forward_kernel: block: [7,0,0], thread: [405,0,0] Assertion `t >= 0 && t < n_classes` failed.
../aten/src/ATen/native/cuda/NLLLoss2d.cu:103: nll_loss2d_forward_kernel: block: [28,0,0], thread: [883,0,0] Assertion `t >= 0 && t < n_classes` failed.
../aten/src/ATen/native/cuda/NLLLoss2d.cu:103: nll_loss2d_forward_kernel: block: [28,0,0], thread: [887,0,0] Assertion `t >= 0 && t < n_classes` failed.
../aten/src/ATen/native/cuda/NLLLoss2d.cu:103: nll_loss2d_forward_kernel: block: [28,0,0], thread: [888,0,0] Assertion `t >= 0 && t < n_classes` failed.
../aten/src/ATen/native/cuda/NLLLoss2d.cu:103: nll_loss2d_forward_kernel: block: [21,0,0], thread: [800,0,0] Assertion `t >= 0 && t < n_classes` failed.
../aten/src/ATen/native/cuda/NLLLoss2d.cu:103: nll_loss2d_forward_kernel: block: [21,0,0], thread: [801,0,0] Assertion `t >= 0 && t < n_classes` failed.
../aten/src/ATen/native/cuda/NLLLoss2d.cu:103: nll_loss2d_forward_kernel: block: [21,0,0], thread: [802,0,0] Assertion `t >= 0 && t < n_classes` failed.
../aten/src/ATen/native/cuda/NLLLoss2d.cu:103: nll_loss2d_forward_kernel: block: [21,0,0], thread: [808,0,0] Assertion `t >= 0 && t < n_classes` failed.
../aten/src/ATen/native/cuda/NLLLoss2d.cu:103: nll_loss2d_forward_kernel: block: [21,0,0], thread: [809,0,0] Assertion `t >= 0 && t < n_classes` failed.
../aten/src/ATen/native/cuda/NLLLoss2d.cu:103: nll_loss2d_forward_kernel: block: [21,0,0], thread: [810,0,0] Assertion `t >= 0 && t < n_classes` failed.
../aten/src/ATen/native/cuda/NLLLoss2d.cu:103: nll_loss2d_forward_kernel: block: [21,0,0], thread: [811,0,0] Assertion `t >= 0 && t < n_classes` failed.
../aten/src/ATen/native/cuda/NLLLoss2d.cu:103: nll_loss2d_forward_kernel: block: [21,0,0], thread: [812,0,0] Assertion `t >= 0 && t < n_classes` failed.
../aten/src/ATen/native/cuda/NLLLoss2d.cu:103: nll_loss2d_forward_kernel: block: [7,0,0], thread: [655,0,0] Assertion `t >= 0 && t < n_classes` failed.
../aten/src/ATen/native/cuda/NLLLoss2d.cu:103: nll_loss2d_forward_kernel: block: [7,0,0], thread: [656,0,0] Assertion `t >= 0 && t < n_classes` failed.
../aten/src/ATen/native/cuda/NLLLoss2d.cu:103: nll_loss2d_forward_kernel: block: [7,0,0], thread: [657,0,0] Assertion `t >= 0 && t < n_classes` failed.
../aten/src/ATen/native/cuda/NLLLoss2d.cu:103: nll_loss2d_forward_kernel: block: [7,0,0], thread: [658,0,0] Assertion `t >= 0 && t < n_classes` failed.
../aten/src/ATen/native/cuda/NLLLoss2d.cu:103: nll_loss2d_forward_kernel: block: [7,0,0], thread: [659,0,0] Assertion `t >= 0 && t < n_classes` failed.
../aten/src/ATen/native/cuda/NLLLoss2d.cu:103: nll_loss2d_forward_kernel: block: [7,0,0], thread: [660,0,0] Assertion `t >= 0 && t < n_classes` failed.
../aten/src/ATen/native/cuda/NLLLoss2d.cu:103: nll_loss2d_forward_kernel: block: [7,0,0], thread: [661,0,0] Assertion `t >= 0 && t < n_classes` failed.
../aten/src/ATen/native/cuda/NLLLoss2d.cu:103: nll_loss2d_forward_kernel: block: [7,0,0], thread: [664,0,0] Assertion `t >= 0 && t < n_classes` failed.
../aten/src/ATen/native/cuda/NLLLoss2d.cu:103: nll_loss2d_forward_kernel: block: [7,0,0], thread: [665,0,0] Assertion `t >= 0 && t < n_classes` failed.
../aten/src/ATen/native/cuda/NLLLoss2d.cu:103: nll_loss2d_forward_kernel: block: [7,0,0], thread: [666,0,0] Assertion `t >= 0 && t < n_classes` failed.
../aten/src/ATen/native/cuda/NLLLoss2d.cu:103: nll_loss2d_forward_kernel: block: [7,0,0], thread: [362,0,0] Assertion `t >= 0 && t < n_classes` failed.
../aten/src/ATen/native/cuda/NLLLoss2d.cu:103: nll_loss2d_forward_kernel: block: [7,0,0], thread: [363,0,0] Assertion `t >= 0 && t < n_classes` failed.
../aten/src/ATen/native/cuda/NLLLoss2d.cu:103: nll_loss2d_forward_kernel: block: [31,0,0], thread: [519,0,0] Assertion `t >= 0 && t < n_classes` failed.
../aten/src/ATen/native/cuda/NLLLoss2d.cu:103: nll_loss2d_forward_kernel: block: [31,0,0], thread: [7,0,0] Assertion `t >= 0 && t < n_classes` failed.
../aten/src/ATen/native/cuda/NLLLoss2d.cu:103: nll_loss2d_forward_kernel: block: [31,0,0], thread: [263,0,0] Assertion `t >= 0 && t < n_classes` failed.
../aten/src/ATen/native/cuda/NLLLoss2d.cu:103: nll_loss2d_forward_kernel: block: [7,0,0], thread: [106,0,0] Assertion `t >= 0 && t < n_classes` failed.
../aten/src/ATen/native/cuda/NLLLoss2d.cu:103: nll_loss2d_forward_kernel: block: [7,0,0], thread: [909,0,0] Assertion `t >= 0 && t < n_classes` failed.
../aten/src/ATen/native/cuda/NLLLoss2d.cu:103: nll_loss2d_forward_kernel: block: [7,0,0], thread: [910,0,0] Assertion `t >= 0 && t < n_classes` failed.
../aten/src/ATen/native/cuda/NLLLoss2d.cu:103: nll_loss2d_forward_kernel: block: [7,0,0], thread: [911,0,0] Assertion `t >= 0 && t < n_classes` failed.
../aten/src/ATen/native/cuda/NLLLoss2d.cu:103: nll_loss2d_forward_kernel: block: [7,0,0], thread: [912,0,0] Assertion `t >= 0 && t < n_classes` failed.
../aten/src/ATen/native/cuda/NLLLoss2d.cu:103: nll_loss2d_forward_kernel: block: [7,0,0], thread: [913,0,0] Assertion `t >= 0 && t < n_classes` failed.
../aten/src/ATen/native/cuda/NLLLoss2d.cu:103: nll_loss2d_forward_kernel: block: [7,0,0], thread: [914,0,0] Assertion `t >= 0 && t < n_classes` failed.
../aten/src/ATen/native/cuda/NLLLoss2d.cu:103: nll_loss2d_forward_kernel: block: [7,0,0], thread: [915,0,0] Assertion `t >= 0 && t < n_classes` failed.
../aten/src/ATen/native/cuda/NLLLoss2d.cu:103: nll_loss2d_forward_kernel: block: [7,0,0], thread: [916,0,0] Assertion `t >= 0 && t < n_classes` failed.
../aten/src/ATen/native/cuda/NLLLoss2d.cu:103: nll_loss2d_forward_kernel: block: [7,0,0], thread: [917,0,0] Assertion `t >= 0 && t < n_classes` failed.
../aten/src/ATen/native/cuda/NLLLoss2d.cu:103: nll_loss2d_forward_kernel: block: [7,0,0], thread: [918,0,0] Assertion `t >= 0 && t < n_classes` failed.
../aten/src/ATen/native/cuda/NLLLoss2d.cu:103: nll_loss2d_forward_kernel: block: [7,0,0], thread: [919,0,0] Assertion `t >= 0 && t < n_classes` failed.
../aten/src/ATen/native/cuda/NLLLoss2d.cu:103: nll_loss2d_forward_kernel: block: [7,0,0], thread: [920,0,0] Assertion `t >= 0 && t < n_classes` failed.
../aten/src/ATen/native/cuda/NLLLoss2d.cu:103: nll_loss2d_forward_kernel: block: [7,0,0], thread: [921,0,0] Assertion `t >= 0 && t < n_classes` failed.
../aten/src/ATen/native/cuda/NLLLoss2d.cu:103: nll_loss2d_forward_kernel: block: [7,0,0], thread: [922,0,0] Assertion `t >= 0 && t < n_classes` failed.
../aten/src/ATen/native/cuda/NLLLoss2d.cu:103: nll_loss2d_forward_kernel: block: [38,0,0], thread: [99,0,0] Assertion `t >= 0 && t < n_classes` failed.
../aten/src/ATen/native/cuda/NLLLoss2d.cu:103: nll_loss2d_forward_kernel: block: [38,0,0], thread: [100,0,0] Assertion `t >= 0 && t < n_classes` failed.
../aten/src/ATen/native/cuda/NLLLoss2d.cu:103: nll_loss2d_forward_kernel: block: [38,0,0], thread: [101,0,0] Assertion `t >= 0 && t < n_classes` failed.
../aten/src/ATen/native/cuda/NLLLoss2d.cu:103: nll_loss2d_forward_kernel: block: [7,0,0], thread: [618,0,0] Assertion `t >= 0 && t < n_classes` failed.
../aten/src/ATen/native/cuda/NLLLoss2d.cu:103: nll_loss2d_forward_kernel: block: [7,0,0], thread: [619,0,0] Assertion `t >= 0 && t < n_classes` failed.
../aten/src/ATen/native/cuda/NLLLoss2d.cu:103: nll_loss2d_forward_kernel: block: [21,0,0], thread: [965,0,0] Assertion `t >= 0 && t < n_classes` failed.
../aten/src/ATen/native/cuda/NLLLoss2d.cu:103: nll_loss2d_forward_kernel: block: [21,0,0], thread: [966,0,0] Assertion `t >= 0 && t < n_classes` failed.
../aten/src/ATen/native/cuda/NLLLoss2d.cu:103: nll_loss2d_forward_kernel: block: [21,0,0], thread: [967,0,0] Assertion `t >= 0 && t < n_classes` failed.
../aten/src/ATen/native/cuda/NLLLoss2d.cu:103: nll_loss2d_forward_kernel: block: [21,0,0], thread: [198,0,0] Assertion `t >= 0 && t < n_classes` failed.
../aten/src/ATen/native/cuda/NLLLoss2d.cu:103: nll_loss2d_forward_kernel: block: [21,0,0], thread: [659,0,0] Assertion `t >= 0 && t < n_classes` failed.
../aten/src/ATen/native/cuda/NLLLoss2d.cu:103: nll_loss2d_forward_kernel: block: [21,0,0], thread: [660,0,0] Assertion `t >= 0 && t < n_classes` failed.
../aten/src/ATen/native/cuda/NLLLoss2d.cu:103: nll_loss2d_forward_kernel: block: [21,0,0], thread: [661,0,0] Assertion `t >= 0 && t < n_classes` failed.
../aten/src/ATen/native/cuda/NLLLoss2d.cu:103: nll_loss2d_forward_kernel: block: [21,0,0], thread: [148,0,0] Assertion `t >= 0 && t < n_classes` failed.
../aten/src/ATen/native/cuda/NLLLoss2d.cu:103: nll_loss2d_forward_kernel: block: [21,0,0], thread: [149,0,0] Assertion `t >= 0 && t < n_classes` failed.
../aten/src/ATen/native/cuda/NLLLoss2d.cu:103: nll_loss2d_forward_kernel: block: [21,0,0], thread: [710,0,0] Assertion `t >= 0 && t < n_classes` failed.
../aten/src/ATen/native/cuda/NLLLoss2d.cu:103: nll_loss2d_forward_kernel: block: [21,0,0], thread: [711,0,0] Assertion `t >= 0 && t < n_classes` failed.
../aten/src/ATen/native/cuda/NLLLoss2d.cu:103: nll_loss2d_forward_kernel: block: [21,0,0], thread: [799,0,0] Assertion `t >= 0 && t < n_classes` failed.
../aten/src/ATen/native/cuda/NLLLoss2d.cu:103: nll_loss2d_forward_kernel: block: [12,0,0], thread: [53,0,0] Assertion `t >= 0 && t < n_classes` failed.
../aten/src/ATen/native/cuda/NLLLoss2d.cu:103: nll_loss2d_forward_kernel: block: [12,0,0], thread: [54,0,0] Assertion `t >= 0 && t < n_classes` failed.
../aten/src/ATen/native/cuda/NLLLoss2d.cu:103: nll_loss2d_forward_kernel: block: [12,0,0], thread: [55,0,0] Assertion `t >= 0 && t < n_classes` failed.
../aten/src/ATen/native/cuda/NLLLoss2d.cu:103: nll_loss2d_forward_kernel: block: [12,0,0], thread: [56,0,0] Assertion `t >= 0 && t < n_classes` failed.
../aten/src/ATen/native/cuda/NLLLoss2d.cu:103: nll_loss2d_forward_kernel: block: [12,0,0], thread: [57,0,0] Assertion `t >= 0 && t < n_classes` failed.
../aten/src/ATen/native/cuda/NLLLoss2d.cu:103: nll_loss2d_forward_kernel: block: [11,0,0], thread: [826,0,0] Assertion `t >= 0 && t < n_classes` failed.
../aten/src/ATen/native/cuda/NLLLoss2d.cu:103: nll_loss2d_forward_kernel: block: [11,0,0], thread: [827,0,0] Assertion `t >= 0 && t < n_classes` failed.
../aten/src/ATen/native/cuda/NLLLoss2d.cu:103: nll_loss2d_forward_kernel: block: [11,0,0], thread: [828,0,0] Assertion `t >= 0 && t < n_classes` failed.
../aten/src/ATen/native/cuda/NLLLoss2d.cu:103: nll_loss2d_forward_kernel: block: [11,0,0], thread: [829,0,0] Assertion `t >= 0 && t < n_classes` failed.
../aten/src/ATen/native/cuda/NLLLoss2d.cu:103: nll_loss2d_forward_kernel: block: [11,0,0], thread: [830,0,0] Assertion `t >= 0 && t < n_classes` failed.
../aten/src/ATen/native/cuda/NLLLoss2d.cu:103: nll_loss2d_forward_kernel: block: [12,0,0], thread: [821,0,0] Assertion `t >= 0 && t < n_classes` failed.
../aten/src/ATen/native/cuda/NLLLoss2d.cu:103: nll_loss2d_forward_kernel: block: [12,0,0], thread: [822,0,0] Assertion `t >= 0 && t < n_classes` failed.
../aten/src/ATen/native/cuda/NLLLoss2d.cu:103: nll_loss2d_forward_kernel: block: [12,0,0], thread: [823,0,0] Assertion `t >= 0 && t < n_classes` failed.
../aten/src/ATen/native/cuda/NLLLoss2d.cu:103: nll_loss2d_forward_kernel: block: [12,0,0], thread: [824,0,0] Assertion `t >= 0 && t < n_classes` failed.
../aten/src/ATen/native/cuda/NLLLoss2d.cu:103: nll_loss2d_forward_kernel: block: [12,0,0], thread: [825,0,0] Assertion `t >= 0 && t < n_classes` failed.
../aten/src/ATen/native/cuda/NLLLoss2d.cu:103: nll_loss2d_forward_kernel: block: [12,0,0], thread: [826,0,0] Assertion `t >= 0 && t < n_classes` failed.
../aten/src/ATen/native/cuda/NLLLoss2d.cu:103: nll_loss2d_forward_kernel: block: [28,0,0], thread: [115,0,0] Assertion `t >= 0 && t < n_classes` failed.
../aten/src/ATen/native/cuda/NLLLoss2d.cu:103: nll_loss2d_forward_kernel: block: [28,0,0], thread: [116,0,0] Assertion `t >= 0 && t < n_classes` failed.
../aten/src/ATen/native/cuda/NLLLoss2d.cu:103: nll_loss2d_forward_kernel: block: [28,0,0], thread: [119,0,0] Assertion `t >= 0 && t < n_classes` failed.
../aten/src/ATen/native/cuda/NLLLoss2d.cu:103: nll_loss2d_forward_kernel: block: [28,0,0], thread: [120,0,0] Assertion `t >= 0 && t < n_classes` failed.
../aten/src/ATen/native/cuda/NLLLoss2d.cu:103: nll_loss2d_forward_kernel: block: [12,0,0], thread: [580,0,0] Assertion `t >= 0 && t < n_classes` failed.
../aten/src/ATen/native/cuda/NLLLoss2d.cu:103: nll_loss2d_forward_kernel: block: [12,0,0], thread: [581,0,0] Assertion `t >= 0 && t < n_classes` failed.
../aten/src/ATen/native/cuda/NLLLoss2d.cu:103: nll_loss2d_forward_kernel: block: [12,0,0], thread: [582,0,0] Assertion `t >= 0 && t < n_classes` failed.
../aten/src/ATen/native/cuda/NLLLoss2d.cu:103: nll_loss2d_forward_kernel: block: [12,0,0], thread: [583,0,0] Assertion `t >= 0 && t < n_classes` failed.
../aten/src/ATen/native/cuda/NLLLoss2d.cu:103: nll_loss2d_forward_kernel: block: [28,0,0], thread: [370,0,0] Assertion `t >= 0 && t < n_classes` failed.
../aten/src/ATen/native/cuda/NLLLoss2d.cu:103: nll_loss2d_forward_kernel: block: [28,0,0], thread: [371,0,0] Assertion `t >= 0 && t < n_classes` failed.
../aten/src/ATen/native/cuda/NLLLoss2d.cu:103: nll_loss2d_forward_kernel: block: [28,0,0], thread: [372,0,0] Assertion `t >= 0 && t < n_classes` failed.
../aten/src/ATen/native/cuda/NLLLoss2d.cu:103: nll_loss2d_forward_kernel: block: [28,0,0], thread: [375,0,0] Assertion `t >= 0 && t < n_classes` failed.
../aten/src/ATen/native/cuda/NLLLoss2d.cu:103: nll_loss2d_forward_kernel: block: [28,0,0], thread: [376,0,0] Assertion `t >= 0 && t < n_classes` failed.
../aten/src/ATen/native/cuda/NLLLoss2d.cu:103: nll_loss2d_forward_kernel: block: [21,0,0], thread: [346,0,0] Assertion `t >= 0 && t < n_classes` failed.
../aten/src/ATen/native/cuda/NLLLoss2d.cu:103: nll_loss2d_forward_kernel: block: [21,0,0], thread: [347,0,0] Assertion `t >= 0 && t < n_classes` failed.
../aten/src/ATen/native/cuda/NLLLoss2d.cu:103: nll_loss2d_forward_kernel: block: [21,0,0], thread: [348,0,0] Assertion `t >= 0 && t < n_classes` failed.
../aten/src/ATen/native/cuda/NLLLoss2d.cu:103: nll_loss2d_forward_kernel: block: [21,0,0], thread: [349,0,0] Assertion `t >= 0 && t < n_classes` failed.
../aten/src/ATen/native/cuda/NLLLoss2d.cu:103: nll_loss2d_forward_kernel: block: [21,0,0], thread: [90,0,0] Assertion `t >= 0 && t < n_classes` failed.
../aten/src/ATen/native/cuda/NLLLoss2d.cu:103: nll_loss2d_forward_kernel: block: [21,0,0], thread: [91,0,0] Assertion `t >= 0 && t < n_classes` failed.
../aten/src/ATen/native/cuda/NLLLoss2d.cu:103: nll_loss2d_forward_kernel: block: [21,0,0], thread: [92,0,0] Assertion `t >= 0 && t < n_classes` failed.
../aten/src/ATen/native/cuda/NLLLoss2d.cu:103: nll_loss2d_forward_kernel: block: [21,0,0], thread: [93,0,0] Assertion `t >= 0 && t < n_classes` failed.
../aten/src/ATen/native/cuda/NLLLoss2d.cu:103: nll_loss2d_forward_kernel: block: [12,0,0], thread: [565,0,0] Assertion `t >= 0 && t < n_classes` failed.
../aten/src/ATen/native/cuda/NLLLoss2d.cu:103: nll_loss2d_forward_kernel: block: [12,0,0], thread: [566,0,0] Assertion `t >= 0 && t < n_classes` failed.
../aten/src/ATen/native/cuda/NLLLoss2d.cu:103: nll_loss2d_forward_kernel: block: [12,0,0], thread: [567,0,0] Assertion `t >= 0 && t < n_classes` failed.
../aten/src/ATen/native/cuda/NLLLoss2d.cu:103: nll_loss2d_forward_kernel: block: [12,0,0], thread: [568,0,0] Assertion `t >= 0 && t < n_classes` failed.
../aten/src/ATen/native/cuda/NLLLoss2d.cu:103: nll_loss2d_forward_kernel: block: [12,0,0], thread: [569,0,0] Assertion `t >= 0 && t < n_classes` failed.
../aten/src/ATen/native/cuda/NLLLoss2d.cu:103: nll_loss2d_forward_kernel: block: [12,0,0], thread: [570,0,0] Assertion `t >= 0 && t < n_classes` failed.
../aten/src/ATen/native/cuda/NLLLoss2d.cu:103: nll_loss2d_forward_kernel: block: [12,0,0], thread: [309,0,0] Assertion `t >= 0 && t < n_classes` failed.
../aten/src/ATen/native/cuda/NLLLoss2d.cu:103: nll_loss2d_forward_kernel: block: [12,0,0], thread: [310,0,0] Assertion `t >= 0 && t < n_classes` failed.
../aten/src/ATen/native/cuda/NLLLoss2d.cu:103: nll_loss2d_forward_kernel: block: [12,0,0], thread: [311,0,0] Assertion `t >= 0 && t < n_classes` failed.
../aten/src/ATen/native/cuda/NLLLoss2d.cu:103: nll_loss2d_forward_kernel: block: [12,0,0], thread: [312,0,0] Assertion `t >= 0 && t < n_classes` failed.
../aten/src/ATen/native/cuda/NLLLoss2d.cu:103: nll_loss2d_forward_kernel: block: [12,0,0], thread: [313,0,0] Assertion `t >= 0 && t < n_classes` failed.
../aten/src/ATen/native/cuda/NLLLoss2d.cu:103: nll_loss2d_forward_kernel: block: [12,0,0], thread: [314,0,0] Assertion `t >= 0 && t < n_classes` failed.
../aten/src/ATen/native/cuda/NLLLoss2d.cu:103: nll_loss2d_forward_kernel: block: [21,0,0], thread: [287,0,0] Assertion `t >= 0 && t < n_classes` failed.
../aten/src/ATen/native/cuda/NLLLoss2d.cu:103: nll_loss2d_forward_kernel: block: [37,0,0], thread: [416,0,0] Assertion `t >= 0 && t < n_classes` failed.
../aten/src/ATen/native/cuda/NLLLoss2d.cu:103: nll_loss2d_forward_kernel: block: [37,0,0], thread: [417,0,0] Assertion `t >= 0 && t < n_classes` failed.
../aten/src/ATen/native/cuda/NLLLoss2d.cu:103: nll_loss2d_forward_kernel: block: [37,0,0], thread: [418,0,0] Assertion `t >= 0 && t < n_classes` failed.
../aten/src/ATen/native/cuda/NLLLoss2d.cu:103: nll_loss2d_forward_kernel: block: [37,0,0], thread: [426,0,0] Assertion `t >= 0 && t < n_classes` failed.
../aten/src/ATen/native/cuda/NLLLoss2d.cu:103: nll_loss2d_forward_kernel: block: [39,0,0], thread: [623,0,0] Assertion `t >= 0 && t < n_classes` failed.
../aten/src/ATen/native/cuda/NLLLoss2d.cu:103: nll_loss2d_forward_kernel: block: [39,0,0], thread: [624,0,0] Assertion `t >= 0 && t < n_classes` failed.
../aten/src/ATen/native/cuda/NLLLoss2d.cu:103: nll_loss2d_forward_kernel: block: [39,0,0], thread: [879,0,0] Assertion `t >= 0 && t < n_classes` failed.
../aten/src/ATen/native/cuda/NLLLoss2d.cu:103: nll_loss2d_forward_kernel: block: [39,0,0], thread: [880,0,0] Assertion `t >= 0 && t < n_classes` failed.
../aten/src/ATen/native/cuda/NLLLoss2d.cu:103: nll_loss2d_forward_kernel: block: [39,0,0], thread: [881,0,0] Assertion `t >= 0 && t < n_classes` failed.
../aten/src/ATen/native/cuda/NLLLoss2d.cu:103: nll_loss2d_forward_kernel: block: [39,0,0], thread: [111,0,0] Assertion `t >= 0 && t < n_classes` failed.
../aten/src/ATen/native/cuda/NLLLoss2d.cu:103: nll_loss2d_forward_kernel: block: [39,0,0], thread: [112,0,0] Assertion `t >= 0 && t < n_classes` failed.
../aten/src/ATen/native/cuda/NLLLoss2d.cu:103: nll_loss2d_forward_kernel: block: [39,0,0], thread: [113,0,0] Assertion `t >= 0 && t < n_classes` failed.
../aten/src/ATen/native/cuda/NLLLoss2d.cu:103: nll_loss2d_forward_kernel: block: [39,0,0], thread: [367,0,0] Assertion `t >= 0 && t < n_classes` failed.
../aten/src/ATen/native/cuda/NLLLoss2d.cu:103: nll_loss2d_forward_kernel: block: [39,0,0], thread: [368,0,0] Assertion `t >= 0 && t < n_classes` failed.
../aten/src/ATen/native/cuda/NLLLoss2d.cu:103: nll_loss2d_forward_kernel: block: [39,0,0], thread: [369,0,0] Assertion `t >= 0 && t < n_classes` failed.
../aten/src/ATen/native/cuda/NLLLoss2d.cu:103: nll_loss2d_forward_kernel: block: [37,0,0], thread: [159,0,0] Assertion `t >= 0 && t < n_classes` failed.
../aten/src/ATen/native/cuda/NLLLoss2d.cu:103: nll_loss2d_forward_kernel: block: [37,0,0], thread: [928,0,0] Assertion `t >= 0 && t < n_classes` failed.
../aten/src/ATen/native/cuda/NLLLoss2d.cu:103: nll_loss2d_forward_kernel: block: [37,0,0], thread: [929,0,0] Assertion `t >= 0 && t < n_classes` failed.
../aten/src/ATen/native/cuda/NLLLoss2d.cu:103: nll_loss2d_forward_kernel: block: [37,0,0], thread: [930,0,0] Assertion `t >= 0 && t < n_classes` failed.
../aten/src/ATen/native/cuda/NLLLoss2d.cu:103: nll_loss2d_forward_kernel: block: [37,0,0], thread: [938,0,0] Assertion `t >= 0 && t < n_classes` failed.
../aten/src/ATen/native/cuda/NLLLoss2d.cu:103: nll_loss2d_forward_kernel: block: [37,0,0], thread: [939,0,0] Assertion `t >= 0 && t < n_classes` failed.
../aten/src/ATen/native/cuda/NLLLoss2d.cu:103: nll_loss2d_forward_kernel: block: [37,0,0], thread: [943,0,0] Assertion `t >= 0 && t < n_classes` failed.
../aten/src/ATen/native/cuda/NLLLoss2d.cu:103: nll_loss2d_forward_kernel: block: [37,0,0], thread: [947,0,0] Assertion `t >= 0 && t < n_classes` failed.
../aten/src/ATen/native/cuda/NLLLoss2d.cu:103: nll_loss2d_forward_kernel: block: [37,0,0], thread: [948,0,0] Assertion `t >= 0 && t < n_classes` failed.
../aten/src/ATen/native/cuda/NLLLoss2d.cu:103: nll_loss2d_forward_kernel: block: [37,0,0], thread: [653,0,0] Assertion `t >= 0 && t < n_classes` failed.
../aten/src/ATen/native/cuda/NLLLoss2d.cu:103: nll_loss2d_forward_kernel: block: [37,0,0], thread: [654,0,0] Assertion `t >= 0 && t < n_classes` failed.
../aten/src/ATen/native/cuda/NLLLoss2d.cu:103: nll_loss2d_forward_kernel: block: [37,0,0], thread: [656,0,0] Assertion `t >= 0 && t < n_classes` failed.
../aten/src/ATen/native/cuda/NLLLoss2d.cu:103: nll_loss2d_forward_kernel: block: [37,0,0], thread: [671,0,0] Assertion `t >= 0 && t < n_classes` failed.
../aten/src/ATen/native/cuda/NLLLoss2d.cu:103: nll_loss2d_forward_kernel: block: [40,0,0], thread: [260,0,0] Assertion `t >= 0 && t < n_classes` failed.
../aten/src/ATen/native/cuda/NLLLoss2d.cu:103: nll_loss2d_forward_kernel: block: [25,0,0], thread: [2,0,0] Assertion `t >= 0 && t < n_classes` failed.
../aten/src/ATen/native/cuda/NLLLoss2d.cu:103: nll_loss2d_forward_kernel: block: [25,0,0], thread: [3,0,0] Assertion `t >= 0 && t < n_classes` failed.
../aten/src/ATen/native/cuda/NLLLoss2d.cu:103: nll_loss2d_forward_kernel: block: [25,0,0], thread: [4,0,0] Assertion `t >= 0 && t < n_classes` failed.
../aten/src/ATen/native/cuda/NLLLoss2d.cu:103: nll_loss2d_forward_kernel: block: [25,0,0], thread: [5,0,0] Assertion `t >= 0 && t < n_classes` failed.
../aten/src/ATen/native/cuda/NLLLoss2d.cu:103: nll_loss2d_forward_kernel: block: [25,0,0], thread: [6,0,0] Assertion `t >= 0 && t < n_classes` failed.
../aten/src/ATen/native/cuda/NLLLoss2d.cu:103: nll_loss2d_forward_kernel: block: [25,0,0], thread: [11,0,0] Assertion `t >= 0 && t < n_classes` failed.
../aten/src/ATen/native/cuda/NLLLoss2d.cu:103: nll_loss2d_forward_kernel: block: [25,0,0], thread: [12,0,0] Assertion `t >= 0 && t < n_classes` failed.
../aten/src/ATen/native/cuda/NLLLoss2d.cu:103: nll_loss2d_forward_kernel: block: [25,0,0], thread: [13,0,0] Assertion `t >= 0 && t < n_classes` failed.
../aten/src/ATen/native/cuda/NLLLoss2d.cu:103: nll_loss2d_forward_kernel: block: [25,0,0], thread: [14,0,0] Assertion `t >= 0 && t < n_classes` failed.
../aten/src/ATen/native/cuda/NLLLoss2d.cu:103: nll_loss2d_forward_kernel: block: [25,0,0], thread: [15,0,0] Assertion `t >= 0 && t < n_classes` failed.
../aten/src/ATen/native/cuda/NLLLoss2d.cu:103: nll_loss2d_forward_kernel: block: [25,0,0], thread: [16,0,0] Assertion `t >= 0 && t < n_classes` failed.
../aten/src/ATen/native/cuda/NLLLoss2d.cu:103: nll_loss2d_forward_kernel: block: [25,0,0], thread: [17,0,0] Assertion `t >= 0 && t < n_classes` failed.
../aten/src/ATen/native/cuda/NLLLoss2d.cu:103: nll_loss2d_forward_kernel: block: [25,0,0], thread: [18,0,0] Assertion `t >= 0 && t < n_classes` failed.
../aten/src/ATen/native/cuda/NLLLoss2d.cu:103: nll_loss2d_forward_kernel: block: [25,0,0], thread: [19,0,0] Assertion `t >= 0 && t < n_classes` failed.
../aten/src/ATen/native/cuda/NLLLoss2d.cu:103: nll_loss2d_forward_kernel: block: [25,0,0], thread: [20,0,0] Assertion `t >= 0 && t < n_classes` failed.
../aten/src/ATen/native/cuda/NLLLoss2d.cu:103: nll_loss2d_forward_kernel: block: [25,0,0], thread: [21,0,0] Assertion `t >= 0 && t < n_classes` failed.
../aten/src/ATen/native/cuda/NLLLoss2d.cu:103: nll_loss2d_forward_kernel: block: [25,0,0], thread: [22,0,0] Assertion `t >= 0 && t < n_classes` failed.
../aten/src/ATen/native/cuda/NLLLoss2d.cu:103: nll_loss2d_forward_kernel: block: [25,0,0], thread: [23,0,0] Assertion `t >= 0 && t < n_classes` failed.
../aten/src/ATen/native/cuda/NLLLoss2d.cu:103: nll_loss2d_forward_kernel: block: [25,0,0], thread: [258,0,0] Assertion `t >= 0 && t < n_classes` failed.
../aten/src/ATen/native/cuda/NLLLoss2d.cu:103: nll_loss2d_forward_kernel: block: [25,0,0], thread: [259,0,0] Assertion `t >= 0 && t < n_classes` failed.
../aten/src/ATen/native/cuda/NLLLoss2d.cu:103: nll_loss2d_forward_kernel: block: [25,0,0], thread: [260,0,0] Assertion `t >= 0 && t < n_classes` failed.
../aten/src/ATen/native/cuda/NLLLoss2d.cu:103: nll_loss2d_forward_kernel: block: [25,0,0], thread: [261,0,0] Assertion `t >= 0 && t < n_classes` failed.
../aten/src/ATen/native/cuda/NLLLoss2d.cu:103: nll_loss2d_forward_kernel: block: [25,0,0], thread: [262,0,0] Assertion `t >= 0 && t < n_classes` failed.
../aten/src/ATen/native/cuda/NLLLoss2d.cu:103: nll_loss2d_forward_kernel: block: [25,0,0], thread: [263,0,0] Assertion `t >= 0 && t < n_classes` failed.
../aten/src/ATen/native/cuda/NLLLoss2d.cu:103: nll_loss2d_forward_kernel: block: [25,0,0], thread: [267,0,0] Assertion `t >= 0 && t < n_classes` failed.
../aten/src/ATen/native/cuda/NLLLoss2d.cu:103: nll_loss2d_forward_kernel: block: [25,0,0], thread: [268,0,0] Assertion `t >= 0 && t < n_classes` failed.
../aten/src/ATen/native/cuda/NLLLoss2d.cu:103: nll_loss2d_forward_kernel: block: [25,0,0], thread: [269,0,0] Assertion `t >= 0 && t < n_classes` failed.
../aten/src/ATen/native/cuda/NLLLoss2d.cu:103: nll_loss2d_forward_kernel: block: [25,0,0], thread: [270,0,0] Assertion `t >= 0 && t < n_classes` failed.
../aten/src/ATen/native/cuda/NLLLoss2d.cu:103: nll_loss2d_forward_kernel: block: [25,0,0], thread: [271,0,0] Assertion `t >= 0 && t < n_classes` failed.
../aten/src/ATen/native/cuda/NLLLoss2d.cu:103: nll_loss2d_forward_kernel: block: [25,0,0], thread: [272,0,0] Assertion `t >= 0 && t < n_classes` failed.
../aten/src/ATen/native/cuda/NLLLoss2d.cu:103: nll_loss2d_forward_kernel: block: [25,0,0], thread: [273,0,0] Assertion `t >= 0 && t < n_classes` failed.
../aten/src/ATen/native/cuda/NLLLoss2d.cu:103: nll_loss2d_forward_kernel: block: [25,0,0], thread: [274,0,0] Assertion `t >= 0 && t < n_classes` failed.
../aten/src/ATen/native/cuda/NLLLoss2d.cu:103: nll_loss2d_forward_kernel: block: [25,0,0], thread: [275,0,0] Assertion `t >= 0 && t < n_classes` failed.
../aten/src/ATen/native/cuda/NLLLoss2d.cu:103: nll_loss2d_forward_kernel: block: [25,0,0], thread: [276,0,0] Assertion `t >= 0 && t < n_classes` failed.
../aten/src/ATen/native/cuda/NLLLoss2d.cu:103: nll_loss2d_forward_kernel: block: [25,0,0], thread: [277,0,0] Assertion `t >= 0 && t < n_classes` failed.
../aten/src/ATen/native/cuda/NLLLoss2d.cu:103: nll_loss2d_forward_kernel: block: [25,0,0], thread: [278,0,0] Assertion `t >= 0 && t < n_classes` failed.
../aten/src/ATen/native/cuda/NLLLoss2d.cu:103: nll_loss2d_forward_kernel: block: [25,0,0], thread: [279,0,0] Assertion `t >= 0 && t < n_classes` failed.
../aten/src/ATen/native/cuda/NLLLoss2d.cu:103: nll_loss2d_forward_kernel: block: [25,0,0], thread: [280,0,0] Assertion `t >= 0 && t < n_classes` failed.
../aten/src/ATen/native/cuda/NLLLoss2d.cu:103: nll_loss2d_forward_kernel: block: [40,0,0], thread: [686,0,0] Assertion `t >= 0 && t < n_classes` failed.
../aten/src/ATen/native/cuda/NLLLoss2d.cu:103: nll_loss2d_forward_kernel: block: [21,0,0], thread: [454,0,0] Assertion `t >= 0 && t < n_classes` failed.
../aten/src/ATen/native/cuda/NLLLoss2d.cu:103: nll_loss2d_forward_kernel: block: [40,0,0], thread: [8,0,0] Assertion `t >= 0 && t < n_classes` failed.
../aten/src/ATen/native/cuda/NLLLoss2d.cu:103: nll_loss2d_forward_kernel: block: [40,0,0], thread: [299,0,0] Assertion `t >= 0 && t < n_classes` failed.
../aten/src/ATen/native/cuda/NLLLoss2d.cu:103: nll_loss2d_forward_kernel: block: [40,0,0], thread: [430,0,0] Assertion `t >= 0 && t < n_classes` failed.
../aten/src/ATen/native/cuda/NLLLoss2d.cu:103: nll_loss2d_forward_kernel: block: [40,0,0], thread: [174,0,0] Assertion `t >= 0 && t < n_classes` failed.
../aten/src/ATen/native/cuda/NLLLoss2d.cu:103: nll_loss2d_forward_kernel: block: [11,0,0], thread: [336,0,0] Assertion `t >= 0 && t < n_classes` failed.
../aten/src/ATen/native/cuda/NLLLoss2d.cu:103: nll_loss2d_forward_kernel: block: [11,0,0], thread: [344,0,0] Assertion `t >= 0 && t < n_classes` failed.
../aten/src/ATen/native/cuda/NLLLoss2d.cu:103: nll_loss2d_forward_kernel: block: [11,0,0], thread: [345,0,0] Assertion `t >= 0 && t < n_classes` failed.
../aten/src/ATen/native/cuda/NLLLoss2d.cu:103: nll_loss2d_forward_kernel: block: [11,0,0], thread: [73,0,0] Assertion `t >= 0 && t < n_classes` failed.
../aten/src/ATen/native/cuda/NLLLoss2d.cu:103: nll_loss2d_forward_kernel: block: [11,0,0], thread: [74,0,0] Assertion `t >= 0 && t < n_classes` failed.
../aten/src/ATen/native/cuda/NLLLoss2d.cu:103: nll_loss2d_forward_kernel: block: [11,0,0], thread: [89,0,0] Assertion `t >= 0 && t < n_classes` failed.
../aten/src/ATen/native/cuda/NLLLoss2d.cu:103: nll_loss2d_forward_kernel: block: [11,0,0], thread: [315,0,0] Assertion `t >= 0 && t < n_classes` failed.
../aten/src/ATen/native/cuda/NLLLoss2d.cu:103: nll_loss2d_forward_kernel: block: [11,0,0], thread: [316,0,0] Assertion `t >= 0 && t < n_classes` failed.
../aten/src/ATen/native/cuda/NLLLoss2d.cu:103: nll_loss2d_forward_kernel: block: [21,0,0], thread: [543,0,0] Assertion `t >= 0 && t < n_classes` failed.
../aten/src/ATen/native/cuda/NLLLoss2d.cu:103: nll_loss2d_forward_kernel: block: [21,0,0], thread: [31,0,0] Assertion `t >= 0 && t < n_classes` failed.
../aten/src/ATen/native/cuda/NLLLoss2d.cu:103: nll_loss2d_forward_kernel: block: [11,0,0], thread: [583,0,0] Assertion `t >= 0 && t < n_classes` failed.
../aten/src/ATen/native/cuda/NLLLoss2d.cu:103: nll_loss2d_forward_kernel: block: [11,0,0], thread: [586,0,0] Assertion `t >= 0 && t < n_classes` failed.
../aten/src/ATen/native/cuda/NLLLoss2d.cu:103: nll_loss2d_forward_kernel: block: [11,0,0], thread: [592,0,0] Assertion `t >= 0 && t < n_classes` failed.
../aten/src/ATen/native/cuda/NLLLoss2d.cu:103: nll_loss2d_forward_kernel: block: [11,0,0], thread: [600,0,0] Assertion `t >= 0 && t < n_classes` failed.
../aten/src/ATen/native/cuda/NLLLoss2d.cu:103: nll_loss2d_forward_kernel: block: [11,0,0], thread: [601,0,0] Assertion `t >= 0 && t < n_classes` failed.
../aten/src/ATen/native/cuda/NLLLoss2d.cu:103: nll_loss2d_forward_kernel: block: [11,0,0], thread: [570,0,0] Assertion `t >= 0 && t < n_classes` failed.
../aten/src/ATen/native/cuda/NLLLoss2d.cu:103: nll_loss2d_forward_kernel: block: [11,0,0], thread: [571,0,0] Assertion `t >= 0 && t < n_classes` failed.
../aten/src/ATen/native/cuda/NLLLoss2d.cu:103: nll_loss2d_forward_kernel: block: [11,0,0], thread: [572,0,0] Assertion `t >= 0 && t < n_classes` failed.
../aten/src/ATen/native/cuda/NLLLoss2d.cu:103: nll_loss2d_forward_kernel: block: [11,0,0], thread: [573,0,0] Assertion `t >= 0 && t < n_classes` failed.
../aten/src/ATen/native/cuda/NLLLoss2d.cu:103: nll_loss2d_forward_kernel: block: [11,0,0], thread: [56,0,0] Assertion `t >= 0 && t < n_classes` failed.
../aten/src/ATen/native/cuda/NLLLoss2d.cu:103: nll_loss2d_forward_kernel: block: [11,0,0], thread: [57,0,0] Assertion `t >= 0 && t < n_classes` failed.
../aten/src/ATen/native/cuda/NLLLoss2d.cu:103: nll_loss2d_forward_kernel: block: [11,0,0], thread: [58,0,0] Assertion `t >= 0 && t < n_classes` failed.
../aten/src/ATen/native/cuda/NLLLoss2d.cu:103: nll_loss2d_forward_kernel: block: [11,0,0], thread: [59,0,0] Assertion `t >= 0 && t < n_classes` failed.
../aten/src/ATen/native/cuda/NLLLoss2d.cu:103: nll_loss2d_forward_kernel: block: [11,0,0], thread: [60,0,0] Assertion `t >= 0 && t < n_classes` failed.
../aten/src/ATen/native/cuda/NLLLoss2d.cu:103: nll_loss2d_forward_kernel: block: [11,0,0], thread: [61,0,0] Assertion `t >= 0 && t < n_classes` failed.
../aten/src/ATen/native/cuda/NLLLoss2d.cu:103: nll_loss2d_forward_kernel: block: [11,0,0], thread: [62,0,0] Assertion `t >= 0 && t < n_classes` failed.
../aten/src/ATen/native/cuda/NLLLoss2d.cu:103: nll_loss2d_forward_kernel: block: [20,0,0], thread: [286,0,0] Assertion `t >= 0 && t < n_classes` failed.
../aten/src/ATen/native/cuda/NLLLoss2d.cu:103: nll_loss2d_forward_kernel: block: [20,0,0], thread: [287,0,0] Assertion `t >= 0 && t < n_classes` failed.
../aten/src/ATen/native/cuda/NLLLoss2d.cu:103: nll_loss2d_forward_kernel: block: [20,0,0], thread: [21,0,0] Assertion `t >= 0 && t < n_classes` failed.
../aten/src/ATen/native/cuda/NLLLoss2d.cu:103: nll_loss2d_forward_kernel: block: [20,0,0], thread: [22,0,0] Assertion `t >= 0 && t < n_classes` failed.
../aten/src/ATen/native/cuda/NLLLoss2d.cu:103: nll_loss2d_forward_kernel: block: [20,0,0], thread: [25,0,0] Assertion `t >= 0 && t < n_classes` failed.
../aten/src/ATen/native/cuda/NLLLoss2d.cu:103: nll_loss2d_forward_kernel: block: [20,0,0], thread: [26,0,0] Assertion `t >= 0 && t < n_classes` failed.
../aten/src/ATen/native/cuda/NLLLoss2d.cu:103: nll_loss2d_forward_kernel: block: [20,0,0], thread: [27,0,0] Assertion `t >= 0 && t < n_classes` failed.
../aten/src/ATen/native/cuda/NLLLoss2d.cu:103: nll_loss2d_forward_kernel: block: [20,0,0], thread: [28,0,0] Assertion `t >= 0 && t < n_classes` failed.
../aten/src/ATen/native/cuda/NLLLoss2d.cu:103: nll_loss2d_forward_kernel: block: [20,0,0], thread: [29,0,0] Assertion `t >= 0 && t < n_classes` failed.
../aten/src/ATen/native/cuda/NLLLoss2d.cu:103: nll_loss2d_forward_kernel: block: [20,0,0], thread: [30,0,0] Assertion `t >= 0 && t < n_classes` failed.
../aten/src/ATen/native/cuda/NLLLoss2d.cu:103: nll_loss2d_forward_kernel: block: [20,0,0], thread: [31,0,0] Assertion `t >= 0 && t < n_classes` failed.
../aten/src/ATen/native/cuda/NLLLoss2d.cu:103: nll_loss2d_forward_kernel: block: [12,0,0], thread: [325,0,0] Assertion `t >= 0 && t < n_classes` failed.
../aten/src/ATen/native/cuda/NLLLoss2d.cu:103: nll_loss2d_forward_kernel: block: [12,0,0], thread: [326,0,0] Assertion `t >= 0 && t < n_classes` failed.
../aten/src/ATen/native/cuda/NLLLoss2d.cu:103: nll_loss2d_forward_kernel: block: [12,0,0], thread: [327,0,0] Assertion `t >= 0 && t < n_classes` failed.
../aten/src/ATen/native/cuda/NLLLoss2d.cu:103: nll_loss2d_forward_kernel: block: [12,0,0], thread: [69,0,0] Assertion `t >= 0 && t < n_classes` failed.
../aten/src/ATen/native/cuda/NLLLoss2d.cu:103: nll_loss2d_forward_kernel: block: [12,0,0], thread: [70,0,0] Assertion `t >= 0 && t < n_classes` failed.
../aten/src/ATen/native/cuda/NLLLoss2d.cu:103: nll_loss2d_forward_kernel: block: [12,0,0], thread: [71,0,0] Assertion `t >= 0 && t < n_classes` failed.
../aten/src/ATen/native/cuda/NLLLoss2d.cu:103: nll_loss2d_forward_kernel: block: [39,0,0], thread: [449,0,0] Assertion `t >= 0 && t < n_classes` failed.
../aten/src/ATen/native/cuda/NLLLoss2d.cu:103: nll_loss2d_forward_kernel: block: [0,0,0], thread: [734,0,0] Assertion `t >= 0 && t < n_classes` failed.
../aten/src/ATen/native/cuda/NLLLoss2d.cu:103: nll_loss2d_forward_kernel: block: [0,0,0], thread: [735,0,0] Assertion `t >= 0 && t < n_classes` failed.
../aten/src/ATen/native/cuda/NLLLoss2d.cu:103: nll_loss2d_forward_kernel: block: [37,0,0], thread: [192,0,0] Assertion `t >= 0 && t < n_classes` failed.
../aten/src/ATen/native/cuda/NLLLoss2d.cu:103: nll_loss2d_forward_kernel: block: [37,0,0], thread: [193,0,0] Assertion `t >= 0 && t < n_classes` failed.
../aten/src/ATen/native/cuda/NLLLoss2d.cu:103: nll_loss2d_forward_kernel: block: [37,0,0], thread: [194,0,0] Assertion `t >= 0 && t < n_classes` failed.
../aten/src/ATen/native/cuda/NLLLoss2d.cu:103: nll_loss2d_forward_kernel: block: [37,0,0], thread: [216,0,0] Assertion `t >= 0 && t < n_classes` failed.
../aten/src/ATen/native/cuda/NLLLoss2d.cu:103: nll_loss2d_forward_kernel: block: [37,0,0], thread: [415,0,0] Assertion `t >= 0 && t < n_classes` failed.
../aten/src/ATen/native/cuda/NLLLoss2d.cu:103: nll_loss2d_forward_kernel: block: [42,0,0], thread: [277,0,0] Assertion `t >= 0 && t < n_classes` failed.
../aten/src/ATen/native/cuda/NLLLoss2d.cu:103: nll_loss2d_forward_kernel: block: [42,0,0], thread: [22,0,0] Assertion `t >= 0 && t < n_classes` failed.
../aten/src/ATen/native/cuda/NLLLoss2d.cu:103: nll_loss2d_forward_kernel: block: [36,0,0], thread: [452,0,0] Assertion `t >= 0 && t < n_classes` failed.
../aten/src/ATen/native/cuda/NLLLoss2d.cu:103: nll_loss2d_forward_kernel: block: [36,0,0], thread: [453,0,0] Assertion `t >= 0 && t < n_classes` failed.
../aten/src/ATen/native/cuda/NLLLoss2d.cu:103: nll_loss2d_forward_kernel: block: [36,0,0], thread: [454,0,0] Assertion `t >= 0 && t < n_classes` failed.
../aten/src/ATen/native/cuda/NLLLoss2d.cu:103: nll_loss2d_forward_kernel: block: [36,0,0], thread: [178,0,0] Assertion `t >= 0 && t < n_classes` failed.
../aten/src/ATen/native/cuda/NLLLoss2d.cu:103: nll_loss2d_forward_kernel: block: [36,0,0], thread: [181,0,0] Assertion `t >= 0 && t < n_classes` failed.
../aten/src/ATen/native/cuda/NLLLoss2d.cu:103: nll_loss2d_forward_kernel: block: [36,0,0], thread: [188,0,0] Assertion `t >= 0 && t < n_classes` failed.
../aten/src/ATen/native/cuda/NLLLoss2d.cu:103: nll_loss2d_forward_kernel: block: [37,0,0], thread: [448,0,0] Assertion `t >= 0 && t < n_classes` failed.
../aten/src/ATen/native/cuda/NLLLoss2d.cu:103: nll_loss2d_forward_kernel: block: [37,0,0], thread: [449,0,0] Assertion `t >= 0 && t < n_classes` failed.
../aten/src/ATen/native/cuda/NLLLoss2d.cu:103: nll_loss2d_forward_kernel: block: [37,0,0], thread: [450,0,0] Assertion `t >= 0 && t < n_classes` failed.
../aten/src/ATen/native/cuda/NLLLoss2d.cu:103: nll_loss2d_forward_kernel: block: [37,0,0], thread: [471,0,0] Assertion `t >= 0 && t < n_classes` failed.
../aten/src/ATen/native/cuda/NLLLoss2d.cu:103: nll_loss2d_forward_kernel: block: [37,0,0], thread: [472,0,0] Assertion `t >= 0 && t < n_classes` failed.
../aten/src/ATen/native/cuda/NLLLoss2d.cu:103: nll_loss2d_forward_kernel: block: [37,0,0], thread: [473,0,0] Assertion `t >= 0 && t < n_classes` failed.
../aten/src/ATen/native/cuda/NLLLoss2d.cu:103: nll_loss2d_forward_kernel: block: [12,0,0], thread: [628,0,0] Assertion `t >= 0 && t < n_classes` failed.
../aten/src/ATen/native/cuda/NLLLoss2d.cu:103: nll_loss2d_forward_kernel: block: [12,0,0], thread: [629,0,0] Assertion `t >= 0 && t < n_classes` failed.
../aten/src/ATen/native/cuda/NLLLoss2d.cu:103: nll_loss2d_forward_kernel: block: [12,0,0], thread: [883,0,0] Assertion `t >= 0 && t < n_classes` failed.
../aten/src/ATen/native/cuda/NLLLoss2d.cu:103: nll_loss2d_forward_kernel: block: [12,0,0], thread: [884,0,0] Assertion `t >= 0 && t < n_classes` failed.
../aten/src/ATen/native/cuda/NLLLoss2d.cu:103: nll_loss2d_forward_kernel: block: [12,0,0], thread: [885,0,0] Assertion `t >= 0 && t < n_classes` failed.
../aten/src/ATen/native/cuda/NLLLoss2d.cu:103: nll_loss2d_forward_kernel: block: [12,0,0], thread: [886,0,0] Assertion `t >= 0 && t < n_classes` failed.
../aten/src/ATen/native/cuda/NLLLoss2d.cu:103: nll_loss2d_forward_kernel: block: [38,0,0], thread: [607,0,0] Assertion `t >= 0 && t < n_classes` failed.
../aten/src/ATen/native/cuda/NLLLoss2d.cu:103: nll_loss2d_forward_kernel: block: [39,0,0], thread: [705,0,0] Assertion `t >= 0 && t < n_classes` failed.
../aten/src/ATen/native/cuda/NLLLoss2d.cu:103: nll_loss2d_forward_kernel: block: [37,0,0], thread: [227,0,0] Assertion `t >= 0 && t < n_classes` failed.
../aten/src/ATen/native/cuda/NLLLoss2d.cu:103: nll_loss2d_forward_kernel: block: [37,0,0], thread: [228,0,0] Assertion `t >= 0 && t < n_classes` failed.
../aten/src/ATen/native/cuda/NLLLoss2d.cu:103: nll_loss2d_forward_kernel: block: [37,0,0], thread: [483,0,0] Assertion `t >= 0 && t < n_classes` failed.
../aten/src/ATen/native/cuda/NLLLoss2d.cu:103: nll_loss2d_forward_kernel: block: [37,0,0], thread: [484,0,0] Assertion `t >= 0 && t < n_classes` failed.
../aten/src/ATen/native/cuda/NLLLoss2d.cu:103: nll_loss2d_forward_kernel: block: [37,0,0], thread: [485,0,0] Assertion `t >= 0 && t < n_classes` failed.
../aten/src/ATen/native/cuda/NLLLoss2d.cu:103: nll_loss2d_forward_kernel: block: [37,0,0], thread: [994,0,0] Assertion `t >= 0 && t < n_classes` failed.
../aten/src/ATen/native/cuda/NLLLoss2d.cu:103: nll_loss2d_forward_kernel: block: [37,0,0], thread: [995,0,0] Assertion `t >= 0 && t < n_classes` failed.
../aten/src/ATen/native/cuda/NLLLoss2d.cu:103: nll_loss2d_forward_kernel: block: [37,0,0], thread: [996,0,0] Assertion `t >= 0 && t < n_classes` failed.
../aten/src/ATen/native/cuda/NLLLoss2d.cu:103: nll_loss2d_forward_kernel: block: [37,0,0], thread: [997,0,0] Assertion `t >= 0 && t < n_classes` failed.
../aten/src/ATen/native/cuda/NLLLoss2d.cu:103: nll_loss2d_forward_kernel: block: [37,0,0], thread: [998,0,0] Assertion `t >= 0 && t < n_classes` failed.
../aten/src/ATen/native/cuda/NLLLoss2d.cu:103: nll_loss2d_forward_kernel: block: [37,0,0], thread: [738,0,0] Assertion `t >= 0 && t < n_classes` failed.
../aten/src/ATen/native/cuda/NLLLoss2d.cu:103: nll_loss2d_forward_kernel: block: [37,0,0], thread: [739,0,0] Assertion `t >= 0 && t < n_classes` failed.
../aten/src/ATen/native/cuda/NLLLoss2d.cu:103: nll_loss2d_forward_kernel: block: [37,0,0], thread: [740,0,0] Assertion `t >= 0 && t < n_classes` failed.
../aten/src/ATen/native/cuda/NLLLoss2d.cu:103: nll_loss2d_forward_kernel: block: [37,0,0], thread: [741,0,0] Assertion `t >= 0 && t < n_classes` failed.
../aten/src/ATen/native/cuda/NLLLoss2d.cu:103: nll_loss2d_forward_kernel: block: [37,0,0], thread: [742,0,0] Assertion `t >= 0 && t < n_classes` failed.
../aten/src/ATen/native/cuda/NLLLoss2d.cu:103: nll_loss2d_forward_kernel: block: [25,0,0], thread: [544,0,0] Assertion `t >= 0 && t < n_classes` failed.
../aten/src/ATen/native/cuda/NLLLoss2d.cu:103: nll_loss2d_forward_kernel: block: [25,0,0], thread: [800,0,0] Assertion `t >= 0 && t < n_classes` failed.
../aten/src/ATen/native/cuda/NLLLoss2d.cu:103: nll_loss2d_forward_kernel: block: [25,0,0], thread: [288,0,0] Assertion `t >= 0 && t < n_classes` failed.
../aten/src/ATen/native/cuda/NLLLoss2d.cu:103: nll_loss2d_forward_kernel: block: [25,0,0], thread: [32,0,0] Assertion `t >= 0 && t < n_classes` failed.
../aten/src/ATen/native/cuda/NLLLoss2d.cu:103: nll_loss2d_forward_kernel: block: [25,0,0], thread: [735,0,0] Assertion `t >= 0 && t < n_classes` failed.
../aten/src/ATen/native/cuda/NLLLoss2d.cu:103: nll_loss2d_forward_kernel: block: [12,0,0], thread: [115,0,0] Assertion `t >= 0 && t < n_classes` failed.
../aten/src/ATen/native/cuda/NLLLoss2d.cu:103: nll_loss2d_forward_kernel: block: [12,0,0], thread: [116,0,0] Assertion `t >= 0 && t < n_classes` failed.
../aten/src/ATen/native/cuda/NLLLoss2d.cu:103: nll_loss2d_forward_kernel: block: [12,0,0], thread: [117,0,0] Assertion `t >= 0 && t < n_classes` failed.
../aten/src/ATen/native/cuda/NLLLoss2d.cu:103: nll_loss2d_forward_kernel: block: [12,0,0], thread: [118,0,0] Assertion `t >= 0 && t < n_classes` failed.
../aten/src/ATen/native/cuda/NLLLoss2d.cu:103: nll_loss2d_forward_kernel: block: [12,0,0], thread: [119,0,0] Assertion `t >= 0 && t < n_classes` failed.
../aten/src/ATen/native/cuda/NLLLoss2d.cu:103: nll_loss2d_forward_kernel: block: [12,0,0], thread: [371,0,0] Assertion `t >= 0 && t < n_classes` failed.
../aten/src/ATen/native/cuda/NLLLoss2d.cu:103: nll_loss2d_forward_kernel: block: [12,0,0], thread: [372,0,0] Assertion `t >= 0 && t < n_classes` failed.
../aten/src/ATen/native/cuda/NLLLoss2d.cu:103: nll_loss2d_forward_kernel: block: [12,0,0], thread: [373,0,0] Assertion `t >= 0 && t < n_classes` failed.
../aten/src/ATen/native/cuda/NLLLoss2d.cu:103: nll_loss2d_forward_kernel: block: [12,0,0], thread: [374,0,0] Assertion `t >= 0 && t < n_classes` failed.
../aten/src/ATen/native/cuda/NLLLoss2d.cu:103: nll_loss2d_forward_kernel: block: [12,0,0], thread: [375,0,0] Assertion `t >= 0 && t < n_classes` failed.
../aten/src/ATen/native/cuda/NLLLoss2d.cu:103: nll_loss2d_forward_kernel: block: [12,0,0], thread: [376,0,0] Assertion `t >= 0 && t < n_classes` failed.
../aten/src/ATen/native/cuda/NLLLoss2d.cu:103: nll_loss2d_forward_kernel: block: [12,0,0], thread: [377,0,0] Assertion `t >= 0 && t < n_classes` failed.
../aten/src/ATen/native/cuda/NLLLoss2d.cu:103: nll_loss2d_forward_kernel: block: [25,0,0], thread: [441,0,0] Assertion `t >= 0 && t < n_classes` failed.
../aten/src/ATen/native/cuda/NLLLoss2d.cu:103: nll_loss2d_forward_kernel: block: [25,0,0], thread: [442,0,0] Assertion `t >= 0 && t < n_classes` failed.
../aten/src/ATen/native/cuda/NLLLoss2d.cu:103: nll_loss2d_forward_kernel: block: [25,0,0], thread: [443,0,0] Assertion `t >= 0 && t < n_classes` failed.
../aten/src/ATen/native/cuda/NLLLoss2d.cu:103: nll_loss2d_forward_kernel: block: [25,0,0], thread: [697,0,0] Assertion `t >= 0 && t < n_classes` failed.
../aten/src/ATen/native/cuda/NLLLoss2d.cu:103: nll_loss2d_forward_kernel: block: [25,0,0], thread: [698,0,0] Assertion `t >= 0 && t < n_classes` failed.
../aten/src/ATen/native/cuda/NLLLoss2d.cu:103: nll_loss2d_forward_kernel: block: [25,0,0], thread: [699,0,0] Assertion `t >= 0 && t < n_classes` failed.
../aten/src/ATen/native/cuda/NLLLoss2d.cu:103: nll_loss2d_forward_kernel: block: [25,0,0], thread: [960,0,0] Assertion `t >= 0 && t < n_classes` failed.
../aten/src/ATen/native/cuda/NLLLoss2d.cu:103: nll_loss2d_forward_kernel: block: [25,0,0], thread: [961,0,0] Assertion `t >= 0 && t < n_classes` failed.
../aten/src/ATen/native/cuda/NLLLoss2d.cu:103: nll_loss2d_forward_kernel: block: [25,0,0], thread: [966,0,0] Assertion `t >= 0 && t < n_classes` failed.
../aten/src/ATen/native/cuda/NLLLoss2d.cu:103: nll_loss2d_forward_kernel: block: [25,0,0], thread: [991,0,0] Assertion `t >= 0 && t < n_classes` failed.
../aten/src/ATen/native/cuda/NLLLoss2d.cu:103: nll_loss2d_forward_kernel: block: [25,0,0], thread: [192,0,0] Assertion `t >= 0 && t < n_classes` failed.
../aten/src/ATen/native/cuda/NLLLoss2d.cu:103: nll_loss2d_forward_kernel: block: [25,0,0], thread: [193,0,0] Assertion `t >= 0 && t < n_classes` failed.
../aten/src/ATen/native/cuda/NLLLoss2d.cu:103: nll_loss2d_forward_kernel: block: [25,0,0], thread: [198,0,0] Assertion `t >= 0 && t < n_classes` failed.
../aten/src/ATen/native/cuda/NLLLoss2d.cu:103: nll_loss2d_forward_kernel: block: [25,0,0], thread: [223,0,0] Assertion `t >= 0 && t < n_classes` failed.
../aten/src/ATen/native/cuda/NLLLoss2d.cu:103: nll_loss2d_forward_kernel: block: [25,0,0], thread: [933,0,0] Assertion `t >= 0 && t < n_classes` failed.
../aten/src/ATen/native/cuda/NLLLoss2d.cu:103: nll_loss2d_forward_kernel: block: [25,0,0], thread: [934,0,0] Assertion `t >= 0 && t < n_classes` failed.
../aten/src/ATen/native/cuda/NLLLoss2d.cu:103: nll_loss2d_forward_kernel: block: [25,0,0], thread: [937,0,0] Assertion `t >= 0 && t < n_classes` failed.
../aten/src/ATen/native/cuda/NLLLoss2d.cu:103: nll_loss2d_forward_kernel: block: [25,0,0], thread: [953,0,0] Assertion `t >= 0 && t < n_classes` failed.
../aten/src/ATen/native/cuda/NLLLoss2d.cu:103: nll_loss2d_forward_kernel: block: [25,0,0], thread: [954,0,0] Assertion `t >= 0 && t < n_classes` failed.
../aten/src/ATen/native/cuda/NLLLoss2d.cu:103: nll_loss2d_forward_kernel: block: [25,0,0], thread: [955,0,0] Assertion `t >= 0 && t < n_classes` failed.
../aten/src/ATen/native/cuda/NLLLoss2d.cu:103: nll_loss2d_forward_kernel: block: [25,0,0], thread: [185,0,0] Assertion `t >= 0 && t < n_classes` failed.
../aten/src/ATen/native/cuda/NLLLoss2d.cu:103: nll_loss2d_forward_kernel: block: [25,0,0], thread: [186,0,0] Assertion `t >= 0 && t < n_classes` failed.
../aten/src/ATen/native/cuda/NLLLoss2d.cu:103: nll_loss2d_forward_kernel: block: [25,0,0], thread: [187,0,0] Assertion `t >= 0 && t < n_classes` failed.
../aten/src/ATen/native/cuda/NLLLoss2d.cu:103: nll_loss2d_forward_kernel: block: [25,0,0], thread: [448,0,0] Assertion `t >= 0 && t < n_classes` failed.
../aten/src/ATen/native/cuda/NLLLoss2d.cu:103: nll_loss2d_forward_kernel: block: [25,0,0], thread: [449,0,0] Assertion `t >= 0 && t < n_classes` failed.
../aten/src/ATen/native/cuda/NLLLoss2d.cu:103: nll_loss2d_forward_kernel: block: [25,0,0], thread: [453,0,0] Assertion `t >= 0 && t < n_classes` failed.
../aten/src/ATen/native/cuda/NLLLoss2d.cu:103: nll_loss2d_forward_kernel: block: [25,0,0], thread: [454,0,0] Assertion `t >= 0 && t < n_classes` failed.
../aten/src/ATen/native/cuda/NLLLoss2d.cu:103: nll_loss2d_forward_kernel: block: [25,0,0], thread: [455,0,0] Assertion `t >= 0 && t < n_classes` failed.
../aten/src/ATen/native/cuda/NLLLoss2d.cu:103: nll_loss2d_forward_kernel: block: [25,0,0], thread: [479,0,0] Assertion `t >= 0 && t < n_classes` failed.
Traceback (most recent call last):
  File "/gpfs/home6/scur0756/Final_Assignment/5LSM0-final-project-Roy-van-Doorn/train.py", line 187, in <module>
    main(args)
  File "/gpfs/home6/scur0756/Final_Assignment/5LSM0-final-project-Roy-van-Doorn/train.py", line 107, in main
    loss.backward()
  File "/usr/local/lib/python3.10/dist-packages/torch/_tensor.py", line 492, in backward
    torch.autograd.backward(
  File "/usr/local/lib/python3.10/dist-packages/torch/autograd/__init__.py", line 251, in backward
    Variable._execution_engine.run_backward(  # Calls into the C++ engine to run the backward pass
RuntimeError: CUDA error: device-side assert triggered
CUDA kernel errors might be asynchronously reported at some other API call, so the stacktrace below might be incorrect.
For debugging consider passing CUDA_LAUNCH_BLOCKING=1.
Compile with `TORCH_USE_CUDA_DSA` to enable device-side assertions.

[2024-03-21 15:05:15,491] torch.distributed.elastic.multiprocessing.api: [ERROR] failed (exitcode: 1) local_rank: 0 (pid: 1018924) of binary: /usr/bin/python3
Traceback (most recent call last):
  File "/usr/local/bin/torchrun", line 8, in <module>
    sys.exit(main())
  File "/usr/local/lib/python3.10/dist-packages/torch/distributed/elastic/multiprocessing/errors/__init__.py", line 346, in wrapper
    return f(*args, **kwargs)
  File "/usr/local/lib/python3.10/dist-packages/torch/distributed/run.py", line 806, in main
    run(args)
  File "/usr/local/lib/python3.10/dist-packages/torch/distributed/run.py", line 797, in run
    elastic_launch(
  File "/usr/local/lib/python3.10/dist-packages/torch/distributed/launcher/api.py", line 134, in __call__
    return launch_agent(self._config, self._entrypoint, list(args))
  File "/usr/local/lib/python3.10/dist-packages/torch/distributed/launcher/api.py", line 264, in launch_agent
    raise ChildFailedError(
torch.distributed.elastic.multiprocessing.errors.ChildFailedError: 
============================================================
train.py FAILED
------------------------------------------------------------
Failures:
  <NO_OTHER_FAILURES>
------------------------------------------------------------
Root Cause (first observed failure):
[0]:
  time      : 2024-03-21_15:05:15
  host      : gcn40.local.snellius.surf.nl
  rank      : 0 (local_rank: 0)
  exitcode  : 1 (pid: 1018924)
  error_file: <N/A>
  traceback : To enable traceback see: https://pytorch.org/docs/stable/elastic/errors.html
============================================================
srun: error: gcn40: task 0: Exited with exit code 1
srun: Terminating StepId=5643900.0

JOB STATISTICS
==============
Job ID: 5643900
Cluster: snellius
User/Group: scur0756/scur0756
State: RUNNING
Nodes: 1
Cores per node: 18
CPU Utilized: 00:00:00
CPU Efficiency: 0.00% of 00:09:54 core-walltime
Job Wall-clock time: 00:00:33
Memory Utilized: 0.00 MB (estimated maximum)
Memory Efficiency: 0.00% of 360.00 GB (20.00 GB/core)
WARNING: Efficiency statistics may be misleading for RUNNING jobs.
